{"numTotalTestSuites":48,"numPassedTestSuites":19,"numFailedTestSuites":29,"numPendingTestSuites":0,"numTotalTests":144,"numPassedTests":91,"numFailedTests":53,"numPendingTests":0,"numTodoTests":0,"snapshot":{"added":0,"failure":false,"filesAdded":0,"filesRemoved":0,"filesRemovedList":[],"filesUnmatched":0,"filesUpdated":0,"matched":0,"total":0,"unchecked":0,"uncheckedKeysByFile":[],"unmatched":0,"updated":0,"didUpdate":false},"startTime":1768740743476,"success":false,"testResults":[{"assertionResults":[{"ancestorTitles":["Boards API Integration Tests","GET /boards"],"fullName":"Boards API Integration Tests GET /boards should return empty array for authenticated user with no boards","status":"failed","title":"should return empty array for authenticated user with no boards","duration":43.81989999999996,"failureMessages":["AssertionError: expected 500 to be 200 // Object.is equality\n    at D:\\UIT_COURSES\\SE100\\DailyDesk\\backend\\tests\\boards.test.ts:22:26\n    at processTicksAndRejections (node:internal/process/task_queues:105:5)\n    at file:///D:/UIT_COURSES/SE100/DailyDesk/node_modules/.pnpm/@vitest+runner@2.1.9/node_modules/@vitest/runner/dist/index.js:533:5\n    at runTest (file:///D:/UIT_COURSES/SE100/DailyDesk/node_modules/.pnpm/@vitest+runner@2.1.9/node_modules/@vitest/runner/dist/index.js:1056:11)\n    at runSuite (file:///D:/UIT_COURSES/SE100/DailyDesk/node_modules/.pnpm/@vitest+runner@2.1.9/node_modules/@vitest/runner/dist/index.js:1205:15)\n    at runSuite (file:///D:/UIT_COURSES/SE100/DailyDesk/node_modules/.pnpm/@vitest+runner@2.1.9/node_modules/@vitest/runner/dist/index.js:1205:15)\n    at runSuite (file:///D:/UIT_COURSES/SE100/DailyDesk/node_modules/.pnpm/@vitest+runner@2.1.9/node_modules/@vitest/runner/dist/index.js:1205:15)\n    at runFiles (file:///D:/UIT_COURSES/SE100/DailyDesk/node_modules/.pnpm/@vitest+runner@2.1.9/node_modules/@vitest/runner/dist/index.js:1262:5)\n    at startTests (file:///D:/UIT_COURSES/SE100/DailyDesk/node_modules/.pnpm/@vitest+runner@2.1.9/node_modules/@vitest/runner/dist/index.js:1271:3)\n    at file:///D:/UIT_COURSES/SE100/DailyDesk/node_modules/.pnpm/vitest@2.1.9_@types+node@24_fef19539406b83bf5da8edd2d524f9e2/node_modules/vitest/dist/chunks/runBaseTests.3qpJUEJM.js:126:11"],"meta":{}},{"ancestorTitles":["Boards API Integration Tests","POST /boards"],"fullName":"Boards API Integration Tests POST /boards should create a new board","status":"passed","title":"should create a new board","duration":29.75019999999995,"failureMessages":[],"meta":{}},{"ancestorTitles":["Boards API Integration Tests","POST /boards"],"fullName":"Boards API Integration Tests POST /boards should reject board creation without authentication","status":"passed","title":"should reject board creation without authentication","duration":19.201700000000073,"failureMessages":[],"meta":{}},{"ancestorTitles":["Boards API Integration Tests","POST /boards"],"fullName":"Boards API Integration Tests POST /boards should validate required fields","status":"passed","title":"should validate required fields","duration":16.289299999999912,"failureMessages":[],"meta":{}},{"ancestorTitles":["Boards API Integration Tests","GET /boards/:id"],"fullName":"Boards API Integration Tests GET /boards/:id should return a specific board with lists and cards","status":"failed","title":"should return a specific board with lists and cards","duration":21.004500000000007,"failureMessages":["AssertionError: expected 500 to be 200 // Object.is equality\n    at D:\\UIT_COURSES\\SE100\\DailyDesk\\backend\\tests\\boards.test.ts:101:26\n    at processTicksAndRejections (node:internal/process/task_queues:105:5)\n    at file:///D:/UIT_COURSES/SE100/DailyDesk/node_modules/.pnpm/@vitest+runner@2.1.9/node_modules/@vitest/runner/dist/index.js:533:5\n    at runTest (file:///D:/UIT_COURSES/SE100/DailyDesk/node_modules/.pnpm/@vitest+runner@2.1.9/node_modules/@vitest/runner/dist/index.js:1056:11)\n    at runSuite (file:///D:/UIT_COURSES/SE100/DailyDesk/node_modules/.pnpm/@vitest+runner@2.1.9/node_modules/@vitest/runner/dist/index.js:1205:15)\n    at runSuite (file:///D:/UIT_COURSES/SE100/DailyDesk/node_modules/.pnpm/@vitest+runner@2.1.9/node_modules/@vitest/runner/dist/index.js:1205:15)\n    at runSuite (file:///D:/UIT_COURSES/SE100/DailyDesk/node_modules/.pnpm/@vitest+runner@2.1.9/node_modules/@vitest/runner/dist/index.js:1205:15)\n    at runFiles (file:///D:/UIT_COURSES/SE100/DailyDesk/node_modules/.pnpm/@vitest+runner@2.1.9/node_modules/@vitest/runner/dist/index.js:1262:5)\n    at startTests (file:///D:/UIT_COURSES/SE100/DailyDesk/node_modules/.pnpm/@vitest+runner@2.1.9/node_modules/@vitest/runner/dist/index.js:1271:3)\n    at file:///D:/UIT_COURSES/SE100/DailyDesk/node_modules/.pnpm/vitest@2.1.9_@types+node@24_fef19539406b83bf5da8edd2d524f9e2/node_modules/vitest/dist/chunks/runBaseTests.3qpJUEJM.js:126:11"],"meta":{}},{"ancestorTitles":["Boards API Integration Tests","GET /boards/:id"],"fullName":"Boards API Integration Tests GET /boards/:id should return 404 for non-existent board","status":"failed","title":"should return 404 for non-existent board","duration":24.063000000000102,"failureMessages":["AssertionError: expected 500 to be 404 // Object.is equality\n    at D:\\UIT_COURSES\\SE100\\DailyDesk\\backend\\tests\\boards.test.ts:116:26\n    at processTicksAndRejections (node:internal/process/task_queues:105:5)\n    at file:///D:/UIT_COURSES/SE100/DailyDesk/node_modules/.pnpm/@vitest+runner@2.1.9/node_modules/@vitest/runner/dist/index.js:533:5\n    at runTest (file:///D:/UIT_COURSES/SE100/DailyDesk/node_modules/.pnpm/@vitest+runner@2.1.9/node_modules/@vitest/runner/dist/index.js:1056:11)\n    at runSuite (file:///D:/UIT_COURSES/SE100/DailyDesk/node_modules/.pnpm/@vitest+runner@2.1.9/node_modules/@vitest/runner/dist/index.js:1205:15)\n    at runSuite (file:///D:/UIT_COURSES/SE100/DailyDesk/node_modules/.pnpm/@vitest+runner@2.1.9/node_modules/@vitest/runner/dist/index.js:1205:15)\n    at runSuite (file:///D:/UIT_COURSES/SE100/DailyDesk/node_modules/.pnpm/@vitest+runner@2.1.9/node_modules/@vitest/runner/dist/index.js:1205:15)\n    at runFiles (file:///D:/UIT_COURSES/SE100/DailyDesk/node_modules/.pnpm/@vitest+runner@2.1.9/node_modules/@vitest/runner/dist/index.js:1262:5)\n    at startTests (file:///D:/UIT_COURSES/SE100/DailyDesk/node_modules/.pnpm/@vitest+runner@2.1.9/node_modules/@vitest/runner/dist/index.js:1271:3)\n    at file:///D:/UIT_COURSES/SE100/DailyDesk/node_modules/.pnpm/vitest@2.1.9_@types+node@24_fef19539406b83bf5da8edd2d524f9e2/node_modules/vitest/dist/chunks/runBaseTests.3qpJUEJM.js:126:11"],"meta":{}},{"ancestorTitles":["Boards API Integration Tests","PATCH /boards/:id"],"fullName":"Boards API Integration Tests PATCH /boards/:id should update board properties","status":"passed","title":"should update board properties","duration":29.08279999999968,"failureMessages":[],"meta":{}},{"ancestorTitles":["Boards API Integration Tests","DELETE /boards/:id"],"fullName":"Boards API Integration Tests DELETE /boards/:id should delete a board","status":"failed","title":"should delete a board","duration":26.23129999999992,"failureMessages":["AssertionError: expected 500 to be 404 // Object.is equality\n    at D:\\UIT_COURSES\\SE100\\DailyDesk\\backend\\tests\\boards.test.ts:178:29\n    at processTicksAndRejections (node:internal/process/task_queues:105:5)\n    at file:///D:/UIT_COURSES/SE100/DailyDesk/node_modules/.pnpm/@vitest+runner@2.1.9/node_modules/@vitest/runner/dist/index.js:533:5\n    at runTest (file:///D:/UIT_COURSES/SE100/DailyDesk/node_modules/.pnpm/@vitest+runner@2.1.9/node_modules/@vitest/runner/dist/index.js:1056:11)\n    at runSuite (file:///D:/UIT_COURSES/SE100/DailyDesk/node_modules/.pnpm/@vitest+runner@2.1.9/node_modules/@vitest/runner/dist/index.js:1205:15)\n    at runSuite (file:///D:/UIT_COURSES/SE100/DailyDesk/node_modules/.pnpm/@vitest+runner@2.1.9/node_modules/@vitest/runner/dist/index.js:1205:15)\n    at runSuite (file:///D:/UIT_COURSES/SE100/DailyDesk/node_modules/.pnpm/@vitest+runner@2.1.9/node_modules/@vitest/runner/dist/index.js:1205:15)\n    at runFiles (file:///D:/UIT_COURSES/SE100/DailyDesk/node_modules/.pnpm/@vitest+runner@2.1.9/node_modules/@vitest/runner/dist/index.js:1262:5)\n    at startTests (file:///D:/UIT_COURSES/SE100/DailyDesk/node_modules/.pnpm/@vitest+runner@2.1.9/node_modules/@vitest/runner/dist/index.js:1271:3)\n    at file:///D:/UIT_COURSES/SE100/DailyDesk/node_modules/.pnpm/vitest@2.1.9_@types+node@24_fef19539406b83bf5da8edd2d524f9e2/node_modules/vitest/dist/chunks/runBaseTests.3qpJUEJM.js:126:11"],"meta":{}}],"startTime":1768740745444,"endTime":1768740745654.2312,"status":"failed","message":"","name":"D:/UIT_COURSES/SE100/DailyDesk/backend/tests/boards.test.ts"},{"assertionResults":[{"ancestorTitles":["Comments API Integration Tests","POST /boards/:boardId/cards/:cardId/comments"],"fullName":"Comments API Integration Tests POST /boards/:boardId/cards/:cardId/comments should create a new comment","status":"failed","title":"should create a new comment","duration":67.13200000000006,"failureMessages":["AssertionError: expected 404 to be 200 // Object.is equality\n    at D:\\UIT_COURSES\\SE100\\DailyDesk\\backend\\tests\\comments.test.ts:49:26\n    at processTicksAndRejections (node:internal/process/task_queues:105:5)\n    at file:///D:/UIT_COURSES/SE100/DailyDesk/node_modules/.pnpm/@vitest+runner@2.1.9/node_modules/@vitest/runner/dist/index.js:533:5\n    at runTest (file:///D:/UIT_COURSES/SE100/DailyDesk/node_modules/.pnpm/@vitest+runner@2.1.9/node_modules/@vitest/runner/dist/index.js:1056:11)\n    at runSuite (file:///D:/UIT_COURSES/SE100/DailyDesk/node_modules/.pnpm/@vitest+runner@2.1.9/node_modules/@vitest/runner/dist/index.js:1205:15)\n    at runSuite (file:///D:/UIT_COURSES/SE100/DailyDesk/node_modules/.pnpm/@vitest+runner@2.1.9/node_modules/@vitest/runner/dist/index.js:1205:15)\n    at runSuite (file:///D:/UIT_COURSES/SE100/DailyDesk/node_modules/.pnpm/@vitest+runner@2.1.9/node_modules/@vitest/runner/dist/index.js:1205:15)\n    at runFiles (file:///D:/UIT_COURSES/SE100/DailyDesk/node_modules/.pnpm/@vitest+runner@2.1.9/node_modules/@vitest/runner/dist/index.js:1262:5)\n    at startTests (file:///D:/UIT_COURSES/SE100/DailyDesk/node_modules/.pnpm/@vitest+runner@2.1.9/node_modules/@vitest/runner/dist/index.js:1271:3)\n    at file:///D:/UIT_COURSES/SE100/DailyDesk/node_modules/.pnpm/vitest@2.1.9_@types+node@24_fef19539406b83bf5da8edd2d524f9e2/node_modules/vitest/dist/chunks/runBaseTests.3qpJUEJM.js:126:11"],"meta":{}},{"ancestorTitles":["Comments API Integration Tests","POST /boards/:boardId/cards/:cardId/comments"],"fullName":"Comments API Integration Tests POST /boards/:boardId/cards/:cardId/comments should require authentication","status":"passed","title":"should require authentication","duration":39.70740000000001,"failureMessages":[],"meta":{}},{"ancestorTitles":["Comments API Integration Tests","POST /boards/:boardId/cards/:cardId/comments"],"fullName":"Comments API Integration Tests POST /boards/:boardId/cards/:cardId/comments should validate required fields","status":"passed","title":"should validate required fields","duration":36.665899999999965,"failureMessages":[],"meta":{}},{"ancestorTitles":["Comments API Integration Tests","POST /boards/:boardId/cards/:cardId/comments"],"fullName":"Comments API Integration Tests POST /boards/:boardId/cards/:cardId/comments should return 404 for non-existent card","status":"passed","title":"should return 404 for non-existent card","duration":32.9061999999999,"failureMessages":[],"meta":{}},{"ancestorTitles":["Comments API Integration Tests","GET /boards/:boardId/cards/:cardId/comments"],"fullName":"Comments API Integration Tests GET /boards/:boardId/cards/:cardId/comments should return comments for a card","status":"failed","title":"should return comments for a card","duration":38.7180000000003,"failureMessages":["AssertionError: expected 404 to be 200 // Object.is equality\n    at D:\\UIT_COURSES\\SE100\\DailyDesk\\backend\\tests\\comments.test.ts:112:26\n    at processTicksAndRejections (node:internal/process/task_queues:105:5)\n    at file:///D:/UIT_COURSES/SE100/DailyDesk/node_modules/.pnpm/@vitest+runner@2.1.9/node_modules/@vitest/runner/dist/index.js:533:5\n    at runTest (file:///D:/UIT_COURSES/SE100/DailyDesk/node_modules/.pnpm/@vitest+runner@2.1.9/node_modules/@vitest/runner/dist/index.js:1056:11)\n    at runSuite (file:///D:/UIT_COURSES/SE100/DailyDesk/node_modules/.pnpm/@vitest+runner@2.1.9/node_modules/@vitest/runner/dist/index.js:1205:15)\n    at runSuite (file:///D:/UIT_COURSES/SE100/DailyDesk/node_modules/.pnpm/@vitest+runner@2.1.9/node_modules/@vitest/runner/dist/index.js:1205:15)\n    at runSuite (file:///D:/UIT_COURSES/SE100/DailyDesk/node_modules/.pnpm/@vitest+runner@2.1.9/node_modules/@vitest/runner/dist/index.js:1205:15)\n    at runFiles (file:///D:/UIT_COURSES/SE100/DailyDesk/node_modules/.pnpm/@vitest+runner@2.1.9/node_modules/@vitest/runner/dist/index.js:1262:5)\n    at startTests (file:///D:/UIT_COURSES/SE100/DailyDesk/node_modules/.pnpm/@vitest+runner@2.1.9/node_modules/@vitest/runner/dist/index.js:1271:3)\n    at file:///D:/UIT_COURSES/SE100/DailyDesk/node_modules/.pnpm/vitest@2.1.9_@types+node@24_fef19539406b83bf5da8edd2d524f9e2/node_modules/vitest/dist/chunks/runBaseTests.3qpJUEJM.js:126:11"],"meta":{}},{"ancestorTitles":["Comments API Integration Tests","PUT /boards/:boardId/cards/:cardId/comments/:commentId"],"fullName":"Comments API Integration Tests PUT /boards/:boardId/cards/:cardId/comments/:commentId should update a comment","status":"failed","title":"should update a comment","duration":29.397899999999936,"failureMessages":["AssertionError: expected 404 to be 200 // Object.is equality\n    at D:\\UIT_COURSES\\SE100\\DailyDesk\\backend\\tests\\comments.test.ts:129:32\n    at processTicksAndRejections (node:internal/process/task_queues:105:5)\n    at file:///D:/UIT_COURSES/SE100/DailyDesk/node_modules/.pnpm/@vitest+runner@2.1.9/node_modules/@vitest/runner/dist/index.js:533:5\n    at runTest (file:///D:/UIT_COURSES/SE100/DailyDesk/node_modules/.pnpm/@vitest+runner@2.1.9/node_modules/@vitest/runner/dist/index.js:1056:11)\n    at runSuite (file:///D:/UIT_COURSES/SE100/DailyDesk/node_modules/.pnpm/@vitest+runner@2.1.9/node_modules/@vitest/runner/dist/index.js:1205:15)\n    at runSuite (file:///D:/UIT_COURSES/SE100/DailyDesk/node_modules/.pnpm/@vitest+runner@2.1.9/node_modules/@vitest/runner/dist/index.js:1205:15)\n    at runSuite (file:///D:/UIT_COURSES/SE100/DailyDesk/node_modules/.pnpm/@vitest+runner@2.1.9/node_modules/@vitest/runner/dist/index.js:1205:15)\n    at runFiles (file:///D:/UIT_COURSES/SE100/DailyDesk/node_modules/.pnpm/@vitest+runner@2.1.9/node_modules/@vitest/runner/dist/index.js:1262:5)\n    at startTests (file:///D:/UIT_COURSES/SE100/DailyDesk/node_modules/.pnpm/@vitest+runner@2.1.9/node_modules/@vitest/runner/dist/index.js:1271:3)\n    at file:///D:/UIT_COURSES/SE100/DailyDesk/node_modules/.pnpm/vitest@2.1.9_@types+node@24_fef19539406b83bf5da8edd2d524f9e2/node_modules/vitest/dist/chunks/runBaseTests.3qpJUEJM.js:126:11"],"meta":{}},{"ancestorTitles":["Comments API Integration Tests","DELETE /boards/:boardId/cards/:cardId/comments/:commentId"],"fullName":"Comments API Integration Tests DELETE /boards/:boardId/cards/:cardId/comments/:commentId should delete a comment","status":"failed","title":"should delete a comment","duration":40.347499999999854,"failureMessages":["AssertionError: expected 404 to be 200 // Object.is equality\n    at D:\\UIT_COURSES\\SE100\\DailyDesk\\backend\\tests\\comments.test.ts:154:32\n    at processTicksAndRejections (node:internal/process/task_queues:105:5)\n    at file:///D:/UIT_COURSES/SE100/DailyDesk/node_modules/.pnpm/@vitest+runner@2.1.9/node_modules/@vitest/runner/dist/index.js:533:5\n    at runTest (file:///D:/UIT_COURSES/SE100/DailyDesk/node_modules/.pnpm/@vitest+runner@2.1.9/node_modules/@vitest/runner/dist/index.js:1056:11)\n    at runSuite (file:///D:/UIT_COURSES/SE100/DailyDesk/node_modules/.pnpm/@vitest+runner@2.1.9/node_modules/@vitest/runner/dist/index.js:1205:15)\n    at runSuite (file:///D:/UIT_COURSES/SE100/DailyDesk/node_modules/.pnpm/@vitest+runner@2.1.9/node_modules/@vitest/runner/dist/index.js:1205:15)\n    at runSuite (file:///D:/UIT_COURSES/SE100/DailyDesk/node_modules/.pnpm/@vitest+runner@2.1.9/node_modules/@vitest/runner/dist/index.js:1205:15)\n    at runFiles (file:///D:/UIT_COURSES/SE100/DailyDesk/node_modules/.pnpm/@vitest+runner@2.1.9/node_modules/@vitest/runner/dist/index.js:1262:5)\n    at startTests (file:///D:/UIT_COURSES/SE100/DailyDesk/node_modules/.pnpm/@vitest+runner@2.1.9/node_modules/@vitest/runner/dist/index.js:1271:3)\n    at file:///D:/UIT_COURSES/SE100/DailyDesk/node_modules/.pnpm/vitest@2.1.9_@types+node@24_fef19539406b83bf5da8edd2d524f9e2/node_modules/vitest/dist/chunks/runBaseTests.3qpJUEJM.js:126:11"],"meta":{}}],"startTime":1768740745446,"endTime":1768740745732.3474,"status":"failed","message":"","name":"D:/UIT_COURSES/SE100/DailyDesk/backend/tests/comments.test.ts"},{"assertionResults":[{"ancestorTitles":["Lists API Integration Tests","POST /boards/:boardId/lists"],"fullName":"Lists API Integration Tests POST /boards/:boardId/lists should create a new list","status":"passed","title":"should create a new list","duration":35.54919999999993,"failureMessages":[],"meta":{}},{"ancestorTitles":["Lists API Integration Tests","POST /boards/:boardId/lists"],"fullName":"Lists API Integration Tests POST /boards/:boardId/lists should validate board exists","status":"passed","title":"should validate board exists","duration":29.879400000000032,"failureMessages":[],"meta":{}},{"ancestorTitles":["Lists API Integration Tests","POST /boards/:boardId/lists"],"fullName":"Lists API Integration Tests POST /boards/:boardId/lists should require authentication","status":"passed","title":"should require authentication","duration":26.591300000000047,"failureMessages":[],"meta":{}},{"ancestorTitles":["Lists API Integration Tests","PUT /boards/:boardId/lists/:id"],"fullName":"Lists API Integration Tests PUT /boards/:boardId/lists/:id should update list name","status":"passed","title":"should update list name","duration":38.03240000000005,"failureMessages":[],"meta":{}},{"ancestorTitles":["Lists API Integration Tests","PUT /boards/:boardId/lists/:id"],"fullName":"Lists API Integration Tests PUT /boards/:boardId/lists/:id should update list order","status":"passed","title":"should update list order","duration":35.94790000000012,"failureMessages":[],"meta":{}},{"ancestorTitles":["Lists API Integration Tests","DELETE /boards/:boardId/lists/:id"],"fullName":"Lists API Integration Tests DELETE /boards/:boardId/lists/:id should delete a list","status":"failed","title":"should delete a list","duration":57.714100000000144,"failureMessages":["TypeError: Cannot read properties of undefined (reading 'find')\n    at D:\\UIT_COURSES\\SE100\\DailyDesk\\backend\\tests\\lists.test.ts:183:39\n    at processTicksAndRejections (node:internal/process/task_queues:105:5)\n    at file:///D:/UIT_COURSES/SE100/DailyDesk/node_modules/.pnpm/@vitest+runner@2.1.9/node_modules/@vitest/runner/dist/index.js:533:5\n    at runTest (file:///D:/UIT_COURSES/SE100/DailyDesk/node_modules/.pnpm/@vitest+runner@2.1.9/node_modules/@vitest/runner/dist/index.js:1056:11)\n    at runSuite (file:///D:/UIT_COURSES/SE100/DailyDesk/node_modules/.pnpm/@vitest+runner@2.1.9/node_modules/@vitest/runner/dist/index.js:1205:15)\n    at runSuite (file:///D:/UIT_COURSES/SE100/DailyDesk/node_modules/.pnpm/@vitest+runner@2.1.9/node_modules/@vitest/runner/dist/index.js:1205:15)\n    at runSuite (file:///D:/UIT_COURSES/SE100/DailyDesk/node_modules/.pnpm/@vitest+runner@2.1.9/node_modules/@vitest/runner/dist/index.js:1205:15)\n    at runFiles (file:///D:/UIT_COURSES/SE100/DailyDesk/node_modules/.pnpm/@vitest+runner@2.1.9/node_modules/@vitest/runner/dist/index.js:1262:5)\n    at startTests (file:///D:/UIT_COURSES/SE100/DailyDesk/node_modules/.pnpm/@vitest+runner@2.1.9/node_modules/@vitest/runner/dist/index.js:1271:3)\n    at file:///D:/UIT_COURSES/SE100/DailyDesk/node_modules/.pnpm/vitest@2.1.9_@types+node@24_fef19539406b83bf5da8edd2d524f9e2/node_modules/vitest/dist/chunks/runBaseTests.3qpJUEJM.js:126:11"],"meta":{}},{"ancestorTitles":["Lists API Integration Tests","DELETE /boards/:boardId/lists/:id"],"fullName":"Lists API Integration Tests DELETE /boards/:boardId/lists/:id should cascade delete cards when list is deleted","status":"failed","title":"should cascade delete cards when list is deleted","duration":45.9704999999999,"failureMessages":["TypeError: Cannot read properties of undefined (reading 'flatMap')\n    at D:\\UIT_COURSES\\SE100\\DailyDesk\\backend\\tests\\lists.test.ts:227:36\n    at processTicksAndRejections (node:internal/process/task_queues:105:5)\n    at file:///D:/UIT_COURSES/SE100/DailyDesk/node_modules/.pnpm/@vitest+runner@2.1.9/node_modules/@vitest/runner/dist/index.js:533:5\n    at runTest (file:///D:/UIT_COURSES/SE100/DailyDesk/node_modules/.pnpm/@vitest+runner@2.1.9/node_modules/@vitest/runner/dist/index.js:1056:11)\n    at runSuite (file:///D:/UIT_COURSES/SE100/DailyDesk/node_modules/.pnpm/@vitest+runner@2.1.9/node_modules/@vitest/runner/dist/index.js:1205:15)\n    at runSuite (file:///D:/UIT_COURSES/SE100/DailyDesk/node_modules/.pnpm/@vitest+runner@2.1.9/node_modules/@vitest/runner/dist/index.js:1205:15)\n    at runSuite (file:///D:/UIT_COURSES/SE100/DailyDesk/node_modules/.pnpm/@vitest+runner@2.1.9/node_modules/@vitest/runner/dist/index.js:1205:15)\n    at runFiles (file:///D:/UIT_COURSES/SE100/DailyDesk/node_modules/.pnpm/@vitest+runner@2.1.9/node_modules/@vitest/runner/dist/index.js:1262:5)\n    at startTests (file:///D:/UIT_COURSES/SE100/DailyDesk/node_modules/.pnpm/@vitest+runner@2.1.9/node_modules/@vitest/runner/dist/index.js:1271:3)\n    at file:///D:/UIT_COURSES/SE100/DailyDesk/node_modules/.pnpm/vitest@2.1.9_@types+node@24_fef19539406b83bf5da8edd2d524f9e2/node_modules/vitest/dist/chunks/runBaseTests.3qpJUEJM.js:126:11"],"meta":{}},{"ancestorTitles":["Lists API Integration Tests","List ordering"],"fullName":"Lists API Integration Tests List ordering should maintain correct order when multiple lists are created","status":"failed","title":"should maintain correct order when multiple lists are created","duration":41.08899999999994,"failureMessages":["AssertionError: Target cannot be null or undefined.\n    at Proxy.<anonymous> (file:///D:/UIT_COURSES/SE100/DailyDesk/node_modules/.pnpm/@vitest+expect@2.1.9/node_modules/@vitest/expect/dist/index.js:1339:22)\n    at Proxy.<anonymous> (file:///D:/UIT_COURSES/SE100/DailyDesk/node_modules/.pnpm/@vitest+expect@2.1.9/node_modules/@vitest/expect/dist/index.js:972:17)\n    at Proxy.methodWrapper (file:///D:/UIT_COURSES/SE100/DailyDesk/node_modules/.pnpm/chai@5.3.3/node_modules/chai/index.js:1686:25)\n    at D:\\UIT_COURSES\\SE100\\DailyDesk\\backend\\tests\\lists.test.ts:257:27\n    at processTicksAndRejections (node:internal/process/task_queues:105:5)\n    at file:///D:/UIT_COURSES/SE100/DailyDesk/node_modules/.pnpm/@vitest+runner@2.1.9/node_modules/@vitest/runner/dist/index.js:533:5\n    at runTest (file:///D:/UIT_COURSES/SE100/DailyDesk/node_modules/.pnpm/@vitest+runner@2.1.9/node_modules/@vitest/runner/dist/index.js:1056:11)\n    at runSuite (file:///D:/UIT_COURSES/SE100/DailyDesk/node_modules/.pnpm/@vitest+runner@2.1.9/node_modules/@vitest/runner/dist/index.js:1205:15)\n    at runSuite (file:///D:/UIT_COURSES/SE100/DailyDesk/node_modules/.pnpm/@vitest+runner@2.1.9/node_modules/@vitest/runner/dist/index.js:1205:15)\n    at runSuite (file:///D:/UIT_COURSES/SE100/DailyDesk/node_modules/.pnpm/@vitest+runner@2.1.9/node_modules/@vitest/runner/dist/index.js:1205:15)"],"meta":{}}],"startTime":1768740745445,"endTime":1768740745757.089,"status":"failed","message":"","name":"D:/UIT_COURSES/SE100/DailyDesk/backend/tests/lists.test.ts"},{"assertionResults":[{"ancestorTitles":["Members API Integration Tests","GET /boards/{boardId}/members"],"fullName":"Members API Integration Tests GET /boards/{boardId}/members should return all members for a board as owner","status":"passed","title":"should return all members for a board as owner","duration":47.29489999999987,"failureMessages":[],"meta":{}},{"ancestorTitles":["Members API Integration Tests","GET /boards/{boardId}/members"],"fullName":"Members API Integration Tests GET /boards/{boardId}/members should return members for a board member","status":"passed","title":"should return members for a board member","duration":38.37130000000002,"failureMessages":[],"meta":{}},{"ancestorTitles":["Members API Integration Tests","GET /boards/{boardId}/members"],"fullName":"Members API Integration Tests GET /boards/{boardId}/members should return 404 if board does not exist","status":"passed","title":"should return 404 if board does not exist","duration":17.118099999999913,"failureMessages":[],"meta":{}},{"ancestorTitles":["Members API Integration Tests","GET /boards/{boardId}/members"],"fullName":"Members API Integration Tests GET /boards/{boardId}/members should return 403 if user is not owner or member","status":"passed","title":"should return 403 if user is not owner or member","duration":14.564599999999928,"failureMessages":[],"meta":{}},{"ancestorTitles":["Members API Integration Tests","GET /boards/{boardId}/members"],"fullName":"Members API Integration Tests GET /boards/{boardId}/members should reject request without authentication","status":"passed","title":"should reject request without authentication","duration":10.015100000000075,"failureMessages":[],"meta":{}},{"ancestorTitles":["Members API Integration Tests","POST /boards/{boardId}/members"],"fullName":"Members API Integration Tests POST /boards/{boardId}/members should add a member to a board as owner","status":"passed","title":"should add a member to a board as owner","duration":25.565200000000004,"failureMessages":[],"meta":{}},{"ancestorTitles":["Members API Integration Tests","POST /boards/{boardId}/members"],"fullName":"Members API Integration Tests POST /boards/{boardId}/members should add a member with admin role","status":"passed","title":"should add a member with admin role","duration":30.52449999999999,"failureMessages":[],"meta":{}},{"ancestorTitles":["Members API Integration Tests","POST /boards/{boardId}/members"],"fullName":"Members API Integration Tests POST /boards/{boardId}/members should return 404 if board does not exist","status":"passed","title":"should return 404 if board does not exist","duration":20.185500000000047,"failureMessages":[],"meta":{}},{"ancestorTitles":["Members API Integration Tests","POST /boards/{boardId}/members"],"fullName":"Members API Integration Tests POST /boards/{boardId}/members should return 409 if member already exists in board","status":"passed","title":"should return 409 if member already exists in board","duration":26.638299999999617,"failureMessages":[],"meta":{}},{"ancestorTitles":["Members API Integration Tests","POST /boards/{boardId}/members"],"fullName":"Members API Integration Tests POST /boards/{boardId}/members should reject request without authentication","status":"passed","title":"should reject request without authentication","duration":20.210900000000038,"failureMessages":[],"meta":{}},{"ancestorTitles":["Members API Integration Tests","POST /boards/{boardId}/members"],"fullName":"Members API Integration Tests POST /boards/{boardId}/members should validate required fields","status":"passed","title":"should validate required fields","duration":22.13279999999986,"failureMessages":[],"meta":{}},{"ancestorTitles":["Members API Integration Tests","PUT /boards/{boardId}/members/{id}"],"fullName":"Members API Integration Tests PUT /boards/{boardId}/members/{id} should update member role as board owner","status":"passed","title":"should update member role as board owner","duration":32.5924,"failureMessages":[],"meta":{}},{"ancestorTitles":["Members API Integration Tests","PUT /boards/{boardId}/members/{id}"],"fullName":"Members API Integration Tests PUT /boards/{boardId}/members/{id} should return 404 if member does not exist","status":"passed","title":"should return 404 if member does not exist","duration":22.85889999999972,"failureMessages":[],"meta":{}},{"ancestorTitles":["Members API Integration Tests","PUT /boards/{boardId}/members/{id}"],"fullName":"Members API Integration Tests PUT /boards/{boardId}/members/{id} should return 404 if board does not exist","status":"passed","title":"should return 404 if board does not exist","duration":13.24330000000009,"failureMessages":[],"meta":{}},{"ancestorTitles":["Members API Integration Tests","PUT /boards/{boardId}/members/{id}"],"fullName":"Members API Integration Tests PUT /boards/{boardId}/members/{id} should reject request without authentication","status":"passed","title":"should reject request without authentication","duration":12.920900000000074,"failureMessages":[],"meta":{}},{"ancestorTitles":["Members API Integration Tests","DELETE /boards/{boardId}/members/{id}"],"fullName":"Members API Integration Tests DELETE /boards/{boardId}/members/{id} should remove member as board owner","status":"passed","title":"should remove member as board owner","duration":30.982700000000023,"failureMessages":[],"meta":{}},{"ancestorTitles":["Members API Integration Tests","DELETE /boards/{boardId}/members/{id}"],"fullName":"Members API Integration Tests DELETE /boards/{boardId}/members/{id} should allow member to remove themselves","status":"passed","title":"should allow member to remove themselves","duration":22.732400000000325,"failureMessages":[],"meta":{}},{"ancestorTitles":["Members API Integration Tests","DELETE /boards/{boardId}/members/{id}"],"fullName":"Members API Integration Tests DELETE /boards/{boardId}/members/{id} should return 404 if member does not exist","status":"passed","title":"should return 404 if member does not exist","duration":23.22960000000012,"failureMessages":[],"meta":{}},{"ancestorTitles":["Members API Integration Tests","DELETE /boards/{boardId}/members/{id}"],"fullName":"Members API Integration Tests DELETE /boards/{boardId}/members/{id} should return 404 if board does not exist","status":"passed","title":"should return 404 if board does not exist","duration":12.496699999999691,"failureMessages":[],"meta":{}},{"ancestorTitles":["Members API Integration Tests","DELETE /boards/{boardId}/members/{id}"],"fullName":"Members API Integration Tests DELETE /boards/{boardId}/members/{id} should reject request without authentication","status":"passed","title":"should reject request without authentication","duration":13.459400000000187,"failureMessages":[],"meta":{}},{"ancestorTitles":["Members API Integration Tests","GET /members/search"],"fullName":"Members API Integration Tests GET /members/search should search users successfully with valid query","status":"passed","title":"should search users successfully with valid query","duration":8.537600000000111,"failureMessages":[],"meta":{}},{"ancestorTitles":["Members API Integration Tests","GET /members/search"],"fullName":"Members API Integration Tests GET /members/search should handle search with pagination parameters","status":"passed","title":"should handle search with pagination parameters","duration":11.834200000000237,"failureMessages":[],"meta":{}},{"ancestorTitles":["Members API Integration Tests","GET /members/search"],"fullName":"Members API Integration Tests GET /members/search should use default pagination when not provided","status":"passed","title":"should use default pagination when not provided","duration":13.282000000000153,"failureMessages":[],"meta":{}},{"ancestorTitles":["Members API Integration Tests","GET /members/search"],"fullName":"Members API Integration Tests GET /members/search should return empty array when no users found","status":"passed","title":"should return empty array when no users found","duration":7.549600000000282,"failureMessages":[],"meta":{}},{"ancestorTitles":["Members API Integration Tests","GET /members/search"],"fullName":"Members API Integration Tests GET /members/search should reject request without authentication","status":"passed","title":"should reject request without authentication","duration":12.894500000000335,"failureMessages":[],"meta":{}},{"ancestorTitles":["Members API Integration Tests","GET /members/search"],"fullName":"Members API Integration Tests GET /members/search should require query parameter","status":"passed","title":"should require query parameter","duration":12.407900000000154,"failureMessages":[],"meta":{}},{"ancestorTitles":["Members API Integration Tests","GET /members/search"],"fullName":"Members API Integration Tests GET /members/search should reject empty query parameter","status":"passed","title":"should reject empty query parameter","duration":6.8233000000000175,"failureMessages":[],"meta":{}},{"ancestorTitles":["Members API Integration Tests","GET /members/search"],"fullName":"Members API Integration Tests GET /members/search should handle Auth0 API errors gracefully","status":"passed","title":"should handle Auth0 API errors gracefully","duration":8.023799999999937,"failureMessages":[],"meta":{}},{"ancestorTitles":["Members API Integration Tests","GET /members/search"],"fullName":"Members API Integration Tests GET /members/search should handle Auth0 API unauthorized errors","status":"passed","title":"should handle Auth0 API unauthorized errors","duration":10.11030000000028,"failureMessages":[],"meta":{}},{"ancestorTitles":["Members API Integration Tests","GET /members/search"],"fullName":"Members API Integration Tests GET /members/search should handle network errors","status":"passed","title":"should handle network errors","duration":13.407600000000002,"failureMessages":[],"meta":{}},{"ancestorTitles":["Members API Integration Tests","GET /members/search"],"fullName":"Members API Integration Tests GET /members/search should properly encode search query in URL","status":"passed","title":"should properly encode search query in URL","duration":6.06439999999975,"failureMessages":[],"meta":{}},{"ancestorTitles":["Members API Integration Tests","GET /members/search"],"fullName":"Members API Integration Tests GET /members/search should include search_engine parameter for Auth0 v3","status":"passed","title":"should include search_engine parameter for Auth0 v3","duration":9.682999999999993,"failureMessages":[],"meta":{}},{"ancestorTitles":["Members API Integration Tests","GET /members/search"],"fullName":"Members API Integration Tests GET /members/search should map Auth0 user fields correctly","status":"passed","title":"should map Auth0 user fields correctly","duration":11.18769999999995,"failureMessages":[],"meta":{}},{"ancestorTitles":["Members API Integration Tests","POST /boards/{boardId}/members/by-user-id"],"fullName":"Members API Integration Tests POST /boards/{boardId}/members/by-user-id should add member by userId with auto-fetch from Auth0","status":"passed","title":"should add member by userId with auto-fetch from Auth0","duration":13.315799999999854,"failureMessages":[],"meta":{}},{"ancestorTitles":["Members API Integration Tests","POST /boards/{boardId}/members/by-user-id"],"fullName":"Members API Integration Tests POST /boards/{boardId}/members/by-user-id should return 409 if member already exists when adding by userId","status":"passed","title":"should return 409 if member already exists when adding by userId","duration":20.088600000000042,"failureMessages":[],"meta":{}},{"ancestorTitles":["Members API Integration Tests","POST /boards/{boardId}/members/by-user-id"],"fullName":"Members API Integration Tests POST /boards/{boardId}/members/by-user-id should return 404 if user not found in Auth0","status":"passed","title":"should return 404 if user not found in Auth0","duration":20.88969999999972,"failureMessages":[],"meta":{}},{"ancestorTitles":["Members API Integration Tests","POST /boards/{boardId}/members/by-user-id"],"fullName":"Members API Integration Tests POST /boards/{boardId}/members/by-user-id should use default role as member if not specified","status":"passed","title":"should use default role as member if not specified","duration":14.911399999999958,"failureMessages":[],"meta":{}},{"ancestorTitles":["Members API Integration Tests","POST /boards/{boardId}/members/by-user-id"],"fullName":"Members API Integration Tests POST /boards/{boardId}/members/by-user-id should respect custom role when adding by userId","status":"passed","title":"should respect custom role when adding by userId","duration":17.49539999999979,"failureMessages":[],"meta":{}}],"startTime":1768740745447,"endTime":1768740746123.4954,"status":"passed","message":"","name":"D:/UIT_COURSES/SE100/DailyDesk/backend/tests/members.test.ts"},{"assertionResults":[{"ancestorTitles":["Users Search API Integration Tests (via Members Routes)","GET /members/search"],"fullName":"Users Search API Integration Tests (via Members Routes) GET /members/search should search users successfully with valid query","status":"passed","title":"should search users successfully with valid query","duration":25.32510000000002,"failureMessages":[],"meta":{}},{"ancestorTitles":["Users Search API Integration Tests (via Members Routes)","GET /members/search"],"fullName":"Users Search API Integration Tests (via Members Routes) GET /members/search should handle search with pagination parameters","status":"passed","title":"should handle search with pagination parameters","duration":16.6565999999998,"failureMessages":[],"meta":{}},{"ancestorTitles":["Users Search API Integration Tests (via Members Routes)","GET /members/search"],"fullName":"Users Search API Integration Tests (via Members Routes) GET /members/search should use default pagination when not provided","status":"passed","title":"should use default pagination when not provided","duration":18.09140000000002,"failureMessages":[],"meta":{}},{"ancestorTitles":["Users Search API Integration Tests (via Members Routes)","GET /members/search"],"fullName":"Users Search API Integration Tests (via Members Routes) GET /members/search should return empty array when no users found","status":"passed","title":"should return empty array when no users found","duration":18.365099999999984,"failureMessages":[],"meta":{}},{"ancestorTitles":["Users Search API Integration Tests (via Members Routes)","GET /members/search"],"fullName":"Users Search API Integration Tests (via Members Routes) GET /members/search should reject request without authentication","status":"passed","title":"should reject request without authentication","duration":15.619900000000143,"failureMessages":[],"meta":{}},{"ancestorTitles":["Users Search API Integration Tests (via Members Routes)","GET /members/search"],"fullName":"Users Search API Integration Tests (via Members Routes) GET /members/search should require query parameter","status":"passed","title":"should require query parameter","duration":17.9837,"failureMessages":[],"meta":{}},{"ancestorTitles":["Users Search API Integration Tests (via Members Routes)","GET /members/search"],"fullName":"Users Search API Integration Tests (via Members Routes) GET /members/search should reject empty query parameter","status":"passed","title":"should reject empty query parameter","duration":9.906500000000051,"failureMessages":[],"meta":{}},{"ancestorTitles":["Users Search API Integration Tests (via Members Routes)","GET /members/search"],"fullName":"Users Search API Integration Tests (via Members Routes) GET /members/search should handle Auth0 API errors gracefully","status":"passed","title":"should handle Auth0 API errors gracefully","duration":20.73759999999993,"failureMessages":[],"meta":{}},{"ancestorTitles":["Users Search API Integration Tests (via Members Routes)","GET /members/search"],"fullName":"Users Search API Integration Tests (via Members Routes) GET /members/search should handle Auth0 API unauthorized errors","status":"passed","title":"should handle Auth0 API unauthorized errors","duration":16.341699999999946,"failureMessages":[],"meta":{}},{"ancestorTitles":["Users Search API Integration Tests (via Members Routes)","GET /members/search"],"fullName":"Users Search API Integration Tests (via Members Routes) GET /members/search should handle network errors","status":"passed","title":"should handle network errors","duration":25.04210000000012,"failureMessages":[],"meta":{}},{"ancestorTitles":["Users Search API Integration Tests (via Members Routes)","GET /members/search"],"fullName":"Users Search API Integration Tests (via Members Routes) GET /members/search should properly encode search query in URL","status":"passed","title":"should properly encode search query in URL","duration":9.851200000000063,"failureMessages":[],"meta":{}},{"ancestorTitles":["Users Search API Integration Tests (via Members Routes)","GET /members/search"],"fullName":"Users Search API Integration Tests (via Members Routes) GET /members/search should include search_engine parameter for Auth0 v3","status":"passed","title":"should include search_engine parameter for Auth0 v3","duration":16.296899999999823,"failureMessages":[],"meta":{}},{"ancestorTitles":["Users Search API Integration Tests (via Members Routes)","GET /members/search"],"fullName":"Users Search API Integration Tests (via Members Routes) GET /members/search should map Auth0 user fields correctly","status":"passed","title":"should map Auth0 user fields correctly","duration":18.27489999999989,"failureMessages":[],"meta":{}}],"startTime":1768740745445,"endTime":1768740745674.275,"status":"passed","message":"","name":"D:/UIT_COURSES/SE100/DailyDesk/backend/tests/users.test.ts"},{"assertionResults":[{"ancestorTitles":["getDueStatus"],"fullName":"getDueStatus should return 'none' status when dueAt is null","status":"passed","title":"should return 'none' status when dueAt is null","duration":3.363299999999981,"failureMessages":[],"meta":{}},{"ancestorTitles":["getDueStatus"],"fullName":"getDueStatus should return 'none' status when dueAt is undefined","status":"passed","title":"should return 'none' status when dueAt is undefined","duration":1.473600000000033,"failureMessages":[],"meta":{}},{"ancestorTitles":["getDueStatus"],"fullName":"getDueStatus should return 'complete' status when dueComplete is true","status":"passed","title":"should return 'complete' status when dueComplete is true","duration":1.340199999999868,"failureMessages":[],"meta":{}},{"ancestorTitles":["getDueStatus"],"fullName":"getDueStatus should return 'overdue' status when past due date","status":"passed","title":"should return 'overdue' status when past due date","duration":1.3820000000000618,"failureMessages":[],"meta":{}},{"ancestorTitles":["getDueStatus"],"fullName":"getDueStatus should return 'dueSoon' status when within 24 hours","status":"passed","title":"should return 'dueSoon' status when within 24 hours","duration":1.27800000000002,"failureMessages":[],"meta":{}},{"ancestorTitles":["getDueStatus"],"fullName":"getDueStatus should return 'dueLater' status when more than 24 hours away","status":"passed","title":"should return 'dueLater' status when more than 24 hours away","duration":2.4119000000000597,"failureMessages":[],"meta":{}},{"ancestorTitles":["getDueStatus"],"fullName":"getDueStatus should handle string dates","status":"passed","title":"should handle string dates","duration":1.5546999999999116,"failureMessages":[],"meta":{}},{"ancestorTitles":["formatDueDate"],"fullName":"formatDueDate should return empty string for null","status":"passed","title":"should return empty string for null","duration":2.0801000000001295,"failureMessages":[],"meta":{}},{"ancestorTitles":["formatDueDate"],"fullName":"formatDueDate should return empty string for undefined","status":"passed","title":"should return empty string for undefined","duration":1.365099999999984,"failureMessages":[],"meta":{}},{"ancestorTitles":["formatDueDate"],"fullName":"formatDueDate should format date without time","status":"passed","title":"should format date without time","duration":2.3204000000000633,"failureMessages":[],"meta":{}},{"ancestorTitles":["formatDueDate"],"fullName":"formatDueDate should format date with time","status":"passed","title":"should format date with time","duration":1.858600000000024,"failureMessages":[],"meta":{}},{"ancestorTitles":["formatDueDate"],"fullName":"formatDueDate should include year if different from current year","status":"passed","title":"should include year if different from current year","duration":1.782699999999977,"failureMessages":[],"meta":{}},{"ancestorTitles":["formatDueDate"],"fullName":"formatDueDate should handle string dates","status":"passed","title":"should handle string dates","duration":1.430199999999786,"failureMessages":[],"meta":{}},{"ancestorTitles":["validateReminderMinutes"],"fullName":"validateReminderMinutes should return true for null","status":"passed","title":"should return true for null","duration":1.6195999999999913,"failureMessages":[],"meta":{}},{"ancestorTitles":["validateReminderMinutes"],"fullName":"validateReminderMinutes should return true for undefined","status":"passed","title":"should return true for undefined","duration":1.8946999999998297,"failureMessages":[],"meta":{}},{"ancestorTitles":["validateReminderMinutes"],"fullName":"validateReminderMinutes should return true for valid values","status":"passed","title":"should return true for valid values","duration":2.21550000000002,"failureMessages":[],"meta":{}},{"ancestorTitles":["validateReminderMinutes"],"fullName":"validateReminderMinutes should return false for invalid values","status":"passed","title":"should return false for invalid values","duration":2.192700000000059,"failureMessages":[],"meta":{}}],"startTime":1768740744582,"endTime":1768740744615.1926,"status":"passed","message":"","name":"D:/UIT_COURSES/SE100/DailyDesk/backend/src/utils/due-status.test.ts"},{"assertionResults":[{"ancestorTitles":["Cards Members Tests","Card Members"],"fullName":"Cards Members Tests Card Members should create a card with members","status":"failed","title":"should create a card with members","duration":78.22990000000004,"failureMessages":["AssertionError: expected 500 to be 200 // Object.is equality\n    at D:\\UIT_COURSES\\SE100\\DailyDesk\\backend\\tests\\cards\\card-members.test.ts:89:26\n    at processTicksAndRejections (node:internal/process/task_queues:105:5)\n    at file:///D:/UIT_COURSES/SE100/DailyDesk/node_modules/.pnpm/@vitest+runner@2.1.9/node_modules/@vitest/runner/dist/index.js:533:5\n    at runTest (file:///D:/UIT_COURSES/SE100/DailyDesk/node_modules/.pnpm/@vitest+runner@2.1.9/node_modules/@vitest/runner/dist/index.js:1056:11)\n    at runSuite (file:///D:/UIT_COURSES/SE100/DailyDesk/node_modules/.pnpm/@vitest+runner@2.1.9/node_modules/@vitest/runner/dist/index.js:1205:15)\n    at runSuite (file:///D:/UIT_COURSES/SE100/DailyDesk/node_modules/.pnpm/@vitest+runner@2.1.9/node_modules/@vitest/runner/dist/index.js:1205:15)\n    at runSuite (file:///D:/UIT_COURSES/SE100/DailyDesk/node_modules/.pnpm/@vitest+runner@2.1.9/node_modules/@vitest/runner/dist/index.js:1205:15)\n    at runFiles (file:///D:/UIT_COURSES/SE100/DailyDesk/node_modules/.pnpm/@vitest+runner@2.1.9/node_modules/@vitest/runner/dist/index.js:1262:5)\n    at startTests (file:///D:/UIT_COURSES/SE100/DailyDesk/node_modules/.pnpm/@vitest+runner@2.1.9/node_modules/@vitest/runner/dist/index.js:1271:3)\n    at file:///D:/UIT_COURSES/SE100/DailyDesk/node_modules/.pnpm/vitest@2.1.9_@types+node@24_fef19539406b83bf5da8edd2d524f9e2/node_modules/vitest/dist/chunks/runBaseTests.3qpJUEJM.js:126:11"],"meta":{}},{"ancestorTitles":["Cards Members Tests","Card Members"],"fullName":"Cards Members Tests Card Members should add members to existing card via PUT","status":"failed","title":"should add members to existing card via PUT","duration":46.72039999999993,"failureMessages":["AssertionError: expected 500 to be 200 // Object.is equality\n    at D:\\UIT_COURSES\\SE100\\DailyDesk\\backend\\tests\\cards\\card-members.test.ts:108:26\n    at processTicksAndRejections (node:internal/process/task_queues:105:5)\n    at file:///D:/UIT_COURSES/SE100/DailyDesk/node_modules/.pnpm/@vitest+runner@2.1.9/node_modules/@vitest/runner/dist/index.js:533:5\n    at runTest (file:///D:/UIT_COURSES/SE100/DailyDesk/node_modules/.pnpm/@vitest+runner@2.1.9/node_modules/@vitest/runner/dist/index.js:1056:11)\n    at runSuite (file:///D:/UIT_COURSES/SE100/DailyDesk/node_modules/.pnpm/@vitest+runner@2.1.9/node_modules/@vitest/runner/dist/index.js:1205:15)\n    at runSuite (file:///D:/UIT_COURSES/SE100/DailyDesk/node_modules/.pnpm/@vitest+runner@2.1.9/node_modules/@vitest/runner/dist/index.js:1205:15)\n    at runSuite (file:///D:/UIT_COURSES/SE100/DailyDesk/node_modules/.pnpm/@vitest+runner@2.1.9/node_modules/@vitest/runner/dist/index.js:1205:15)\n    at runFiles (file:///D:/UIT_COURSES/SE100/DailyDesk/node_modules/.pnpm/@vitest+runner@2.1.9/node_modules/@vitest/runner/dist/index.js:1262:5)\n    at startTests (file:///D:/UIT_COURSES/SE100/DailyDesk/node_modules/.pnpm/@vitest+runner@2.1.9/node_modules/@vitest/runner/dist/index.js:1271:3)\n    at file:///D:/UIT_COURSES/SE100/DailyDesk/node_modules/.pnpm/vitest@2.1.9_@types+node@24_fef19539406b83bf5da8edd2d524f9e2/node_modules/vitest/dist/chunks/runBaseTests.3qpJUEJM.js:126:11"],"meta":{}},{"ancestorTitles":["Cards Members Tests","Card Members"],"fullName":"Cards Members Tests Card Members should retrieve card with member details via GET","status":"failed","title":"should retrieve card with member details via GET","duration":50.73109999999997,"failureMessages":["AssertionError: expected 500 to be 200 // Object.is equality\n    at D:\\UIT_COURSES\\SE100\\DailyDesk\\backend\\tests\\cards\\card-members.test.ts:133:26\n    at processTicksAndRejections (node:internal/process/task_queues:105:5)\n    at file:///D:/UIT_COURSES/SE100/DailyDesk/node_modules/.pnpm/@vitest+runner@2.1.9/node_modules/@vitest/runner/dist/index.js:533:5\n    at runTest (file:///D:/UIT_COURSES/SE100/DailyDesk/node_modules/.pnpm/@vitest+runner@2.1.9/node_modules/@vitest/runner/dist/index.js:1056:11)\n    at runSuite (file:///D:/UIT_COURSES/SE100/DailyDesk/node_modules/.pnpm/@vitest+runner@2.1.9/node_modules/@vitest/runner/dist/index.js:1205:15)\n    at runSuite (file:///D:/UIT_COURSES/SE100/DailyDesk/node_modules/.pnpm/@vitest+runner@2.1.9/node_modules/@vitest/runner/dist/index.js:1205:15)\n    at runSuite (file:///D:/UIT_COURSES/SE100/DailyDesk/node_modules/.pnpm/@vitest+runner@2.1.9/node_modules/@vitest/runner/dist/index.js:1205:15)\n    at runFiles (file:///D:/UIT_COURSES/SE100/DailyDesk/node_modules/.pnpm/@vitest+runner@2.1.9/node_modules/@vitest/runner/dist/index.js:1262:5)\n    at startTests (file:///D:/UIT_COURSES/SE100/DailyDesk/node_modules/.pnpm/@vitest+runner@2.1.9/node_modules/@vitest/runner/dist/index.js:1271:3)\n    at file:///D:/UIT_COURSES/SE100/DailyDesk/node_modules/.pnpm/vitest@2.1.9_@types+node@24_fef19539406b83bf5da8edd2d524f9e2/node_modules/vitest/dist/chunks/runBaseTests.3qpJUEJM.js:126:11"],"meta":{}},{"ancestorTitles":["Cards Members Tests","Card Members"],"fullName":"Cards Members Tests Card Members should add multiple members to a card","status":"failed","title":"should add multiple members to a card","duration":52.55780000000004,"failureMessages":["AssertionError: expected 500 to be 200 // Object.is equality\n    at D:\\UIT_COURSES\\SE100\\DailyDesk\\backend\\tests\\cards\\card-members.test.ts:170:26\n    at processTicksAndRejections (node:internal/process/task_queues:105:5)\n    at file:///D:/UIT_COURSES/SE100/DailyDesk/node_modules/.pnpm/@vitest+runner@2.1.9/node_modules/@vitest/runner/dist/index.js:533:5\n    at runTest (file:///D:/UIT_COURSES/SE100/DailyDesk/node_modules/.pnpm/@vitest+runner@2.1.9/node_modules/@vitest/runner/dist/index.js:1056:11)\n    at runSuite (file:///D:/UIT_COURSES/SE100/DailyDesk/node_modules/.pnpm/@vitest+runner@2.1.9/node_modules/@vitest/runner/dist/index.js:1205:15)\n    at runSuite (file:///D:/UIT_COURSES/SE100/DailyDesk/node_modules/.pnpm/@vitest+runner@2.1.9/node_modules/@vitest/runner/dist/index.js:1205:15)\n    at runSuite (file:///D:/UIT_COURSES/SE100/DailyDesk/node_modules/.pnpm/@vitest+runner@2.1.9/node_modules/@vitest/runner/dist/index.js:1205:15)\n    at runFiles (file:///D:/UIT_COURSES/SE100/DailyDesk/node_modules/.pnpm/@vitest+runner@2.1.9/node_modules/@vitest/runner/dist/index.js:1262:5)\n    at startTests (file:///D:/UIT_COURSES/SE100/DailyDesk/node_modules/.pnpm/@vitest+runner@2.1.9/node_modules/@vitest/runner/dist/index.js:1271:3)\n    at file:///D:/UIT_COURSES/SE100/DailyDesk/node_modules/.pnpm/vitest@2.1.9_@types+node@24_fef19539406b83bf5da8edd2d524f9e2/node_modules/vitest/dist/chunks/runBaseTests.3qpJUEJM.js:126:11"],"meta":{}},{"ancestorTitles":["Cards Members Tests","Card Members"],"fullName":"Cards Members Tests Card Members should remove members from a card by updating with empty array","status":"failed","title":"should remove members from a card by updating with empty array","duration":47.9689000000003,"failureMessages":["AssertionError: expected 500 to be 200 // Object.is equality\n    at D:\\UIT_COURSES\\SE100\\DailyDesk\\backend\\tests\\cards\\card-members.test.ts:201:26\n    at processTicksAndRejections (node:internal/process/task_queues:105:5)\n    at file:///D:/UIT_COURSES/SE100/DailyDesk/node_modules/.pnpm/@vitest+runner@2.1.9/node_modules/@vitest/runner/dist/index.js:533:5\n    at runTest (file:///D:/UIT_COURSES/SE100/DailyDesk/node_modules/.pnpm/@vitest+runner@2.1.9/node_modules/@vitest/runner/dist/index.js:1056:11)\n    at runSuite (file:///D:/UIT_COURSES/SE100/DailyDesk/node_modules/.pnpm/@vitest+runner@2.1.9/node_modules/@vitest/runner/dist/index.js:1205:15)\n    at runSuite (file:///D:/UIT_COURSES/SE100/DailyDesk/node_modules/.pnpm/@vitest+runner@2.1.9/node_modules/@vitest/runner/dist/index.js:1205:15)\n    at runSuite (file:///D:/UIT_COURSES/SE100/DailyDesk/node_modules/.pnpm/@vitest+runner@2.1.9/node_modules/@vitest/runner/dist/index.js:1205:15)\n    at runFiles (file:///D:/UIT_COURSES/SE100/DailyDesk/node_modules/.pnpm/@vitest+runner@2.1.9/node_modules/@vitest/runner/dist/index.js:1262:5)\n    at startTests (file:///D:/UIT_COURSES/SE100/DailyDesk/node_modules/.pnpm/@vitest+runner@2.1.9/node_modules/@vitest/runner/dist/index.js:1271:3)\n    at file:///D:/UIT_COURSES/SE100/DailyDesk/node_modules/.pnpm/vitest@2.1.9_@types+node@24_fef19539406b83bf5da8edd2d524f9e2/node_modules/vitest/dist/chunks/runBaseTests.3qpJUEJM.js:126:11"],"meta":{}},{"ancestorTitles":["Cards Members Tests","Card Members"],"fullName":"Cards Members Tests Card Members should replace existing members when updating","status":"failed","title":"should replace existing members when updating","duration":58.73540000000003,"failureMessages":["AssertionError: expected 500 to be 200 // Object.is equality\n    at D:\\UIT_COURSES\\SE100\\DailyDesk\\backend\\tests\\cards\\card-members.test.ts:242:26\n    at processTicksAndRejections (node:internal/process/task_queues:105:5)\n    at file:///D:/UIT_COURSES/SE100/DailyDesk/node_modules/.pnpm/@vitest+runner@2.1.9/node_modules/@vitest/runner/dist/index.js:533:5\n    at runTest (file:///D:/UIT_COURSES/SE100/DailyDesk/node_modules/.pnpm/@vitest+runner@2.1.9/node_modules/@vitest/runner/dist/index.js:1056:11)\n    at runSuite (file:///D:/UIT_COURSES/SE100/DailyDesk/node_modules/.pnpm/@vitest+runner@2.1.9/node_modules/@vitest/runner/dist/index.js:1205:15)\n    at runSuite (file:///D:/UIT_COURSES/SE100/DailyDesk/node_modules/.pnpm/@vitest+runner@2.1.9/node_modules/@vitest/runner/dist/index.js:1205:15)\n    at runSuite (file:///D:/UIT_COURSES/SE100/DailyDesk/node_modules/.pnpm/@vitest+runner@2.1.9/node_modules/@vitest/runner/dist/index.js:1205:15)\n    at runFiles (file:///D:/UIT_COURSES/SE100/DailyDesk/node_modules/.pnpm/@vitest+runner@2.1.9/node_modules/@vitest/runner/dist/index.js:1262:5)\n    at startTests (file:///D:/UIT_COURSES/SE100/DailyDesk/node_modules/.pnpm/@vitest+runner@2.1.9/node_modules/@vitest/runner/dist/index.js:1271:3)\n    at file:///D:/UIT_COURSES/SE100/DailyDesk/node_modules/.pnpm/vitest@2.1.9_@types+node@24_fef19539406b83bf5da8edd2d524f9e2/node_modules/vitest/dist/chunks/runBaseTests.3qpJUEJM.js:126:11"],"meta":{}},{"ancestorTitles":["Cards Members Tests","Card Members"],"fullName":"Cards Members Tests Card Members should retrieve cards with members in board endpoint","status":"failed","title":"should retrieve cards with members in board endpoint","duration":50.996999999999844,"failureMessages":["AssertionError: expected 500 to be 200 // Object.is equality\n    at D:\\UIT_COURSES\\SE100\\DailyDesk\\backend\\tests\\cards\\card-members.test.ts:266:26\n    at processTicksAndRejections (node:internal/process/task_queues:105:5)\n    at file:///D:/UIT_COURSES/SE100/DailyDesk/node_modules/.pnpm/@vitest+runner@2.1.9/node_modules/@vitest/runner/dist/index.js:533:5\n    at runTest (file:///D:/UIT_COURSES/SE100/DailyDesk/node_modules/.pnpm/@vitest+runner@2.1.9/node_modules/@vitest/runner/dist/index.js:1056:11)\n    at runSuite (file:///D:/UIT_COURSES/SE100/DailyDesk/node_modules/.pnpm/@vitest+runner@2.1.9/node_modules/@vitest/runner/dist/index.js:1205:15)\n    at runSuite (file:///D:/UIT_COURSES/SE100/DailyDesk/node_modules/.pnpm/@vitest+runner@2.1.9/node_modules/@vitest/runner/dist/index.js:1205:15)\n    at runSuite (file:///D:/UIT_COURSES/SE100/DailyDesk/node_modules/.pnpm/@vitest+runner@2.1.9/node_modules/@vitest/runner/dist/index.js:1205:15)\n    at runFiles (file:///D:/UIT_COURSES/SE100/DailyDesk/node_modules/.pnpm/@vitest+runner@2.1.9/node_modules/@vitest/runner/dist/index.js:1262:5)\n    at startTests (file:///D:/UIT_COURSES/SE100/DailyDesk/node_modules/.pnpm/@vitest+runner@2.1.9/node_modules/@vitest/runner/dist/index.js:1271:3)\n    at file:///D:/UIT_COURSES/SE100/DailyDesk/node_modules/.pnpm/vitest@2.1.9_@types+node@24_fef19539406b83bf5da8edd2d524f9e2/node_modules/vitest/dist/chunks/runBaseTests.3qpJUEJM.js:126:11"],"meta":{}},{"ancestorTitles":["Cards Members Tests","Card Members"],"fullName":"Cards Members Tests Card Members should retrieve cards with members in cards endpoint","status":"failed","title":"should retrieve cards with members in cards endpoint","duration":39.21369999999979,"failureMessages":["AssertionError: expected 500 to be 200 // Object.is equality\n    at D:\\UIT_COURSES\\SE100\\DailyDesk\\backend\\tests\\cards\\card-members.test.ts:298:26\n    at processTicksAndRejections (node:internal/process/task_queues:105:5)\n    at file:///D:/UIT_COURSES/SE100/DailyDesk/node_modules/.pnpm/@vitest+runner@2.1.9/node_modules/@vitest/runner/dist/index.js:533:5\n    at runTest (file:///D:/UIT_COURSES/SE100/DailyDesk/node_modules/.pnpm/@vitest+runner@2.1.9/node_modules/@vitest/runner/dist/index.js:1056:11)\n    at runSuite (file:///D:/UIT_COURSES/SE100/DailyDesk/node_modules/.pnpm/@vitest+runner@2.1.9/node_modules/@vitest/runner/dist/index.js:1205:15)\n    at runSuite (file:///D:/UIT_COURSES/SE100/DailyDesk/node_modules/.pnpm/@vitest+runner@2.1.9/node_modules/@vitest/runner/dist/index.js:1205:15)\n    at runSuite (file:///D:/UIT_COURSES/SE100/DailyDesk/node_modules/.pnpm/@vitest+runner@2.1.9/node_modules/@vitest/runner/dist/index.js:1205:15)\n    at runFiles (file:///D:/UIT_COURSES/SE100/DailyDesk/node_modules/.pnpm/@vitest+runner@2.1.9/node_modules/@vitest/runner/dist/index.js:1262:5)\n    at startTests (file:///D:/UIT_COURSES/SE100/DailyDesk/node_modules/.pnpm/@vitest+runner@2.1.9/node_modules/@vitest/runner/dist/index.js:1271:3)\n    at file:///D:/UIT_COURSES/SE100/DailyDesk/node_modules/.pnpm/vitest@2.1.9_@types+node@24_fef19539406b83bf5da8edd2d524f9e2/node_modules/vitest/dist/chunks/runBaseTests.3qpJUEJM.js:126:11"],"meta":{}},{"ancestorTitles":["Cards Members Tests","Card Members"],"fullName":"Cards Members Tests Card Members should generate correct initials for members","status":"failed","title":"should generate correct initials for members","duration":43.60750000000007,"failureMessages":["SyntaxError: Unexpected token 'I', \"Internal S\"... is not valid JSON\n    at JSON.parse (<anonymous>)\n    at parseJSONFromBytes (node:internal/deps/undici/undici:5738:19)\n    at successSteps (node:internal/deps/undici/undici:5719:27)\n    at fullyReadBody (node:internal/deps/undici/undici:4609:9)\n    at processTicksAndRejections (node:internal/process/task_queues:105:5)\n    at consumeBody (node:internal/deps/undici/undici:5728:7)\n    at D:\\UIT_COURSES\\SE100\\DailyDesk\\backend\\tests\\cards\\card-members.test.ts:340:20\n    at file:///D:/UIT_COURSES/SE100/DailyDesk/node_modules/.pnpm/@vitest+runner@2.1.9/node_modules/@vitest/runner/dist/index.js:533:5\n    at runTest (file:///D:/UIT_COURSES/SE100/DailyDesk/node_modules/.pnpm/@vitest+runner@2.1.9/node_modules/@vitest/runner/dist/index.js:1056:11)\n    at runSuite (file:///D:/UIT_COURSES/SE100/DailyDesk/node_modules/.pnpm/@vitest+runner@2.1.9/node_modules/@vitest/runner/dist/index.js:1205:15)"],"meta":{}},{"ancestorTitles":["Cards Members Tests","Card Members"],"fullName":"Cards Members Tests Card Members should persist members when moving card to different list","status":"failed","title":"should persist members when moving card to different list","duration":39.66439999999966,"failureMessages":["SyntaxError: Unexpected token 'I', \"Internal S\"... is not valid JSON\n    at JSON.parse (<anonymous>)\n    at parseJSONFromBytes (node:internal/deps/undici/undici:5738:19)\n    at successSteps (node:internal/deps/undici/undici:5719:27)\n    at fullyReadBody (node:internal/deps/undici/undici:4609:9)\n    at processTicksAndRejections (node:internal/process/task_queues:105:5)\n    at consumeBody (node:internal/deps/undici/undici:5728:7)\n    at D:\\UIT_COURSES\\SE100\\DailyDesk\\backend\\tests\\cards\\card-members.test.ts:381:20\n    at file:///D:/UIT_COURSES/SE100/DailyDesk/node_modules/.pnpm/@vitest+runner@2.1.9/node_modules/@vitest/runner/dist/index.js:533:5\n    at runTest (file:///D:/UIT_COURSES/SE100/DailyDesk/node_modules/.pnpm/@vitest+runner@2.1.9/node_modules/@vitest/runner/dist/index.js:1056:11)\n    at runSuite (file:///D:/UIT_COURSES/SE100/DailyDesk/node_modules/.pnpm/@vitest+runner@2.1.9/node_modules/@vitest/runner/dist/index.js:1205:15)"],"meta":{}},{"ancestorTitles":["Cards Members Tests","Card Members"],"fullName":"Cards Members Tests Card Members should auto-create board member from Auth0 when adding non-existent member to card","status":"failed","title":"should auto-create board member from Auth0 when adding non-existent member to card","duration":41.85010000000011,"failureMessages":["AssertionError: expected 500 to be 200 // Object.is equality\n    at D:\\UIT_COURSES\\SE100\\DailyDesk\\backend\\tests\\cards\\card-members.test.ts:418:26\n    at processTicksAndRejections (node:internal/process/task_queues:105:5)\n    at file:///D:/UIT_COURSES/SE100/DailyDesk/node_modules/.pnpm/@vitest+runner@2.1.9/node_modules/@vitest/runner/dist/index.js:533:5\n    at runTest (file:///D:/UIT_COURSES/SE100/DailyDesk/node_modules/.pnpm/@vitest+runner@2.1.9/node_modules/@vitest/runner/dist/index.js:1056:11)\n    at runSuite (file:///D:/UIT_COURSES/SE100/DailyDesk/node_modules/.pnpm/@vitest+runner@2.1.9/node_modules/@vitest/runner/dist/index.js:1205:15)\n    at runSuite (file:///D:/UIT_COURSES/SE100/DailyDesk/node_modules/.pnpm/@vitest+runner@2.1.9/node_modules/@vitest/runner/dist/index.js:1205:15)\n    at runSuite (file:///D:/UIT_COURSES/SE100/DailyDesk/node_modules/.pnpm/@vitest+runner@2.1.9/node_modules/@vitest/runner/dist/index.js:1205:15)\n    at runFiles (file:///D:/UIT_COURSES/SE100/DailyDesk/node_modules/.pnpm/@vitest+runner@2.1.9/node_modules/@vitest/runner/dist/index.js:1262:5)\n    at startTests (file:///D:/UIT_COURSES/SE100/DailyDesk/node_modules/.pnpm/@vitest+runner@2.1.9/node_modules/@vitest/runner/dist/index.js:1271:3)\n    at file:///D:/UIT_COURSES/SE100/DailyDesk/node_modules/.pnpm/vitest@2.1.9_@types+node@24_fef19539406b83bf5da8edd2d524f9e2/node_modules/vitest/dist/chunks/runBaseTests.3qpJUEJM.js:126:11"],"meta":{}},{"ancestorTitles":["Cards Members Tests","Card Members"],"fullName":"Cards Members Tests Card Members should handle creating card with member that needs to be auto-fetched","status":"failed","title":"should handle creating card with member that needs to be auto-fetched","duration":29.129500000000007,"failureMessages":["SyntaxError: Unexpected token 'I', \"Internal S\"... is not valid JSON\n    at JSON.parse (<anonymous>)\n    at parseJSONFromBytes (node:internal/deps/undici/undici:5738:19)\n    at successSteps (node:internal/deps/undici/undici:5719:27)\n    at fullyReadBody (node:internal/deps/undici/undici:4609:9)\n    at processTicksAndRejections (node:internal/process/task_queues:105:5)\n    at consumeBody (node:internal/deps/undici/undici:5728:7)\n    at D:\\UIT_COURSES\\SE100\\DailyDesk\\backend\\tests\\cards\\card-members.test.ts:454:20\n    at file:///D:/UIT_COURSES/SE100/DailyDesk/node_modules/.pnpm/@vitest+runner@2.1.9/node_modules/@vitest/runner/dist/index.js:533:5\n    at runTest (file:///D:/UIT_COURSES/SE100/DailyDesk/node_modules/.pnpm/@vitest+runner@2.1.9/node_modules/@vitest/runner/dist/index.js:1056:11)\n    at runSuite (file:///D:/UIT_COURSES/SE100/DailyDesk/node_modules/.pnpm/@vitest+runner@2.1.9/node_modules/@vitest/runner/dist/index.js:1205:15)"],"meta":{}},{"ancestorTitles":["Cards Members Tests","Card Members"],"fullName":"Cards Members Tests Card Members should handle multiple members including auto-fetched ones","status":"failed","title":"should handle multiple members including auto-fetched ones","duration":34.64189999999962,"failureMessages":["AssertionError: expected 500 to be 200 // Object.is equality\n    at D:\\UIT_COURSES\\SE100\\DailyDesk\\backend\\tests\\cards\\card-members.test.ts:485:26\n    at processTicksAndRejections (node:internal/process/task_queues:105:5)\n    at file:///D:/UIT_COURSES/SE100/DailyDesk/node_modules/.pnpm/@vitest+runner@2.1.9/node_modules/@vitest/runner/dist/index.js:533:5\n    at runTest (file:///D:/UIT_COURSES/SE100/DailyDesk/node_modules/.pnpm/@vitest+runner@2.1.9/node_modules/@vitest/runner/dist/index.js:1056:11)\n    at runSuite (file:///D:/UIT_COURSES/SE100/DailyDesk/node_modules/.pnpm/@vitest+runner@2.1.9/node_modules/@vitest/runner/dist/index.js:1205:15)\n    at runSuite (file:///D:/UIT_COURSES/SE100/DailyDesk/node_modules/.pnpm/@vitest+runner@2.1.9/node_modules/@vitest/runner/dist/index.js:1205:15)\n    at runSuite (file:///D:/UIT_COURSES/SE100/DailyDesk/node_modules/.pnpm/@vitest+runner@2.1.9/node_modules/@vitest/runner/dist/index.js:1205:15)\n    at runFiles (file:///D:/UIT_COURSES/SE100/DailyDesk/node_modules/.pnpm/@vitest+runner@2.1.9/node_modules/@vitest/runner/dist/index.js:1262:5)\n    at startTests (file:///D:/UIT_COURSES/SE100/DailyDesk/node_modules/.pnpm/@vitest+runner@2.1.9/node_modules/@vitest/runner/dist/index.js:1271:3)\n    at file:///D:/UIT_COURSES/SE100/DailyDesk/node_modules/.pnpm/vitest@2.1.9_@types+node@24_fef19539406b83bf5da8edd2d524f9e2/node_modules/vitest/dist/chunks/runBaseTests.3qpJUEJM.js:126:11"],"meta":{}},{"ancestorTitles":["Cards Members Tests","Card Members"],"fullName":"Cards Members Tests Card Members should gracefully handle invalid member references","status":"failed","title":"should gracefully handle invalid member references","duration":29.286599999999908,"failureMessages":["AssertionError: expected 500 to be 200 // Object.is equality\n    at D:\\UIT_COURSES\\SE100\\DailyDesk\\backend\\tests\\cards\\card-members.test.ts:508:26\n    at processTicksAndRejections (node:internal/process/task_queues:105:5)\n    at file:///D:/UIT_COURSES/SE100/DailyDesk/node_modules/.pnpm/@vitest+runner@2.1.9/node_modules/@vitest/runner/dist/index.js:533:5\n    at runTest (file:///D:/UIT_COURSES/SE100/DailyDesk/node_modules/.pnpm/@vitest+runner@2.1.9/node_modules/@vitest/runner/dist/index.js:1056:11)\n    at runSuite (file:///D:/UIT_COURSES/SE100/DailyDesk/node_modules/.pnpm/@vitest+runner@2.1.9/node_modules/@vitest/runner/dist/index.js:1205:15)\n    at runSuite (file:///D:/UIT_COURSES/SE100/DailyDesk/node_modules/.pnpm/@vitest+runner@2.1.9/node_modules/@vitest/runner/dist/index.js:1205:15)\n    at runSuite (file:///D:/UIT_COURSES/SE100/DailyDesk/node_modules/.pnpm/@vitest+runner@2.1.9/node_modules/@vitest/runner/dist/index.js:1205:15)\n    at runFiles (file:///D:/UIT_COURSES/SE100/DailyDesk/node_modules/.pnpm/@vitest+runner@2.1.9/node_modules/@vitest/runner/dist/index.js:1262:5)\n    at startTests (file:///D:/UIT_COURSES/SE100/DailyDesk/node_modules/.pnpm/@vitest+runner@2.1.9/node_modules/@vitest/runner/dist/index.js:1271:3)\n    at file:///D:/UIT_COURSES/SE100/DailyDesk/node_modules/.pnpm/vitest@2.1.9_@types+node@24_fef19539406b83bf5da8edd2d524f9e2/node_modules/vitest/dist/chunks/runBaseTests.3qpJUEJM.js:126:11"],"meta":{}}],"startTime":1768740745443,"endTime":1768740746087.2866,"status":"failed","message":"","name":"D:/UIT_COURSES/SE100/DailyDesk/backend/tests/cards/card-members.test.ts"},{"assertionResults":[{"ancestorTitles":["Card movement between lists with order management"],"fullName":"Card movement between lists with order management should move card from one list to another and update orders","status":"failed","title":"should move card from one list to another and update orders","duration":118.2029,"failureMessages":["TypeError: Cannot read properties of undefined (reading 'find')\n    at D:\\UIT_COURSES\\SE100\\DailyDesk\\backend\\tests\\cards\\card-move.test.ts:150:31\n    at processTicksAndRejections (node:internal/process/task_queues:105:5)\n    at file:///D:/UIT_COURSES/SE100/DailyDesk/node_modules/.pnpm/@vitest+runner@2.1.9/node_modules/@vitest/runner/dist/index.js:533:5\n    at runTest (file:///D:/UIT_COURSES/SE100/DailyDesk/node_modules/.pnpm/@vitest+runner@2.1.9/node_modules/@vitest/runner/dist/index.js:1056:11)\n    at runSuite (file:///D:/UIT_COURSES/SE100/DailyDesk/node_modules/.pnpm/@vitest+runner@2.1.9/node_modules/@vitest/runner/dist/index.js:1205:15)\n    at runSuite (file:///D:/UIT_COURSES/SE100/DailyDesk/node_modules/.pnpm/@vitest+runner@2.1.9/node_modules/@vitest/runner/dist/index.js:1205:15)\n    at runFiles (file:///D:/UIT_COURSES/SE100/DailyDesk/node_modules/.pnpm/@vitest+runner@2.1.9/node_modules/@vitest/runner/dist/index.js:1262:5)\n    at startTests (file:///D:/UIT_COURSES/SE100/DailyDesk/node_modules/.pnpm/@vitest+runner@2.1.9/node_modules/@vitest/runner/dist/index.js:1271:3)\n    at file:///D:/UIT_COURSES/SE100/DailyDesk/node_modules/.pnpm/vitest@2.1.9_@types+node@24_fef19539406b83bf5da8edd2d524f9e2/node_modules/vitest/dist/chunks/runBaseTests.3qpJUEJM.js:126:11\n    at withEnv (file:///D:/UIT_COURSES/SE100/DailyDesk/node_modules/.pnpm/vitest@2.1.9_@types+node@24_fef19539406b83bf5da8edd2d524f9e2/node_modules/vitest/dist/chunks/runBaseTests.3qpJUEJM.js:90:5)"],"meta":{}},{"ancestorTitles":["Card movement between lists with order management"],"fullName":"Card movement between lists with order management should handle moving card to end of another list","status":"failed","title":"should handle moving card to end of another list","duration":64.20959999999991,"failureMessages":["TypeError: Cannot read properties of undefined (reading 'find')\n    at D:\\UIT_COURSES\\SE100\\DailyDesk\\backend\\tests\\cards\\card-move.test.ts:240:31\n    at processTicksAndRejections (node:internal/process/task_queues:105:5)\n    at file:///D:/UIT_COURSES/SE100/DailyDesk/node_modules/.pnpm/@vitest+runner@2.1.9/node_modules/@vitest/runner/dist/index.js:533:5\n    at runTest (file:///D:/UIT_COURSES/SE100/DailyDesk/node_modules/.pnpm/@vitest+runner@2.1.9/node_modules/@vitest/runner/dist/index.js:1056:11)\n    at runSuite (file:///D:/UIT_COURSES/SE100/DailyDesk/node_modules/.pnpm/@vitest+runner@2.1.9/node_modules/@vitest/runner/dist/index.js:1205:15)\n    at runSuite (file:///D:/UIT_COURSES/SE100/DailyDesk/node_modules/.pnpm/@vitest+runner@2.1.9/node_modules/@vitest/runner/dist/index.js:1205:15)\n    at runFiles (file:///D:/UIT_COURSES/SE100/DailyDesk/node_modules/.pnpm/@vitest+runner@2.1.9/node_modules/@vitest/runner/dist/index.js:1262:5)\n    at startTests (file:///D:/UIT_COURSES/SE100/DailyDesk/node_modules/.pnpm/@vitest+runner@2.1.9/node_modules/@vitest/runner/dist/index.js:1271:3)\n    at file:///D:/UIT_COURSES/SE100/DailyDesk/node_modules/.pnpm/vitest@2.1.9_@types+node@24_fef19539406b83bf5da8edd2d524f9e2/node_modules/vitest/dist/chunks/runBaseTests.3qpJUEJM.js:126:11\n    at withEnv (file:///D:/UIT_COURSES/SE100/DailyDesk/node_modules/.pnpm/vitest@2.1.9_@types+node@24_fef19539406b83bf5da8edd2d524f9e2/node_modules/vitest/dist/chunks/runBaseTests.3qpJUEJM.js:90:5)"],"meta":{}},{"ancestorTitles":["Card movement between lists with order management"],"fullName":"Card movement between lists with order management should handle moving card to beginning of another list","status":"failed","title":"should handle moving card to beginning of another list","duration":51.8744999999999,"failureMessages":["TypeError: Cannot read properties of undefined (reading 'find')\n    at D:\\UIT_COURSES\\SE100\\DailyDesk\\backend\\tests\\cards\\card-move.test.ts:328:31\n    at processTicksAndRejections (node:internal/process/task_queues:105:5)\n    at file:///D:/UIT_COURSES/SE100/DailyDesk/node_modules/.pnpm/@vitest+runner@2.1.9/node_modules/@vitest/runner/dist/index.js:533:5\n    at runTest (file:///D:/UIT_COURSES/SE100/DailyDesk/node_modules/.pnpm/@vitest+runner@2.1.9/node_modules/@vitest/runner/dist/index.js:1056:11)\n    at runSuite (file:///D:/UIT_COURSES/SE100/DailyDesk/node_modules/.pnpm/@vitest+runner@2.1.9/node_modules/@vitest/runner/dist/index.js:1205:15)\n    at runSuite (file:///D:/UIT_COURSES/SE100/DailyDesk/node_modules/.pnpm/@vitest+runner@2.1.9/node_modules/@vitest/runner/dist/index.js:1205:15)\n    at runFiles (file:///D:/UIT_COURSES/SE100/DailyDesk/node_modules/.pnpm/@vitest+runner@2.1.9/node_modules/@vitest/runner/dist/index.js:1262:5)\n    at startTests (file:///D:/UIT_COURSES/SE100/DailyDesk/node_modules/.pnpm/@vitest+runner@2.1.9/node_modules/@vitest/runner/dist/index.js:1271:3)\n    at file:///D:/UIT_COURSES/SE100/DailyDesk/node_modules/.pnpm/vitest@2.1.9_@types+node@24_fef19539406b83bf5da8edd2d524f9e2/node_modules/vitest/dist/chunks/runBaseTests.3qpJUEJM.js:126:11\n    at withEnv (file:///D:/UIT_COURSES/SE100/DailyDesk/node_modules/.pnpm/vitest@2.1.9_@types+node@24_fef19539406b83bf5da8edd2d524f9e2/node_modules/vitest/dist/chunks/runBaseTests.3qpJUEJM.js:90:5)"],"meta":{}}],"startTime":1768740745446,"endTime":1768740745679.8745,"status":"failed","message":"","name":"D:/UIT_COURSES/SE100/DailyDesk/backend/tests/cards/card-move.test.ts"},{"assertionResults":[{"ancestorTitles":["Cards API Integration Tests","GET /boards/:boardId/cards"],"fullName":"Cards API Integration Tests GET /boards/:boardId/cards should return empty array when board has no cards","status":"failed","title":"should return empty array when board has no cards","duration":74.30769999999984,"failureMessages":["AssertionError: expected 500 to be 200 // Object.is equality\n    at D:\\UIT_COURSES\\SE100\\DailyDesk\\backend\\tests\\cards\\cards.test.ts:46:26\n    at processTicksAndRejections (node:internal/process/task_queues:105:5)\n    at file:///D:/UIT_COURSES/SE100/DailyDesk/node_modules/.pnpm/@vitest+runner@2.1.9/node_modules/@vitest/runner/dist/index.js:533:5\n    at runTest (file:///D:/UIT_COURSES/SE100/DailyDesk/node_modules/.pnpm/@vitest+runner@2.1.9/node_modules/@vitest/runner/dist/index.js:1056:11)\n    at runSuite (file:///D:/UIT_COURSES/SE100/DailyDesk/node_modules/.pnpm/@vitest+runner@2.1.9/node_modules/@vitest/runner/dist/index.js:1205:15)\n    at runSuite (file:///D:/UIT_COURSES/SE100/DailyDesk/node_modules/.pnpm/@vitest+runner@2.1.9/node_modules/@vitest/runner/dist/index.js:1205:15)\n    at runSuite (file:///D:/UIT_COURSES/SE100/DailyDesk/node_modules/.pnpm/@vitest+runner@2.1.9/node_modules/@vitest/runner/dist/index.js:1205:15)\n    at runFiles (file:///D:/UIT_COURSES/SE100/DailyDesk/node_modules/.pnpm/@vitest+runner@2.1.9/node_modules/@vitest/runner/dist/index.js:1262:5)\n    at startTests (file:///D:/UIT_COURSES/SE100/DailyDesk/node_modules/.pnpm/@vitest+runner@2.1.9/node_modules/@vitest/runner/dist/index.js:1271:3)\n    at file:///D:/UIT_COURSES/SE100/DailyDesk/node_modules/.pnpm/vitest@2.1.9_@types+node@24_fef19539406b83bf5da8edd2d524f9e2/node_modules/vitest/dist/chunks/runBaseTests.3qpJUEJM.js:126:11"],"meta":{}},{"ancestorTitles":["Cards API Integration Tests","GET /boards/:boardId/cards"],"fullName":"Cards API Integration Tests GET /boards/:boardId/cards should return all cards for a board","status":"failed","title":"should return all cards for a board","duration":55.7016000000001,"failureMessages":["AssertionError: expected 500 to be 200 // Object.is equality\n    at D:\\UIT_COURSES\\SE100\\DailyDesk\\backend\\tests\\cards\\cards.test.ts:84:26\n    at processTicksAndRejections (node:internal/process/task_queues:105:5)\n    at file:///D:/UIT_COURSES/SE100/DailyDesk/node_modules/.pnpm/@vitest+runner@2.1.9/node_modules/@vitest/runner/dist/index.js:533:5\n    at runTest (file:///D:/UIT_COURSES/SE100/DailyDesk/node_modules/.pnpm/@vitest+runner@2.1.9/node_modules/@vitest/runner/dist/index.js:1056:11)\n    at runSuite (file:///D:/UIT_COURSES/SE100/DailyDesk/node_modules/.pnpm/@vitest+runner@2.1.9/node_modules/@vitest/runner/dist/index.js:1205:15)\n    at runSuite (file:///D:/UIT_COURSES/SE100/DailyDesk/node_modules/.pnpm/@vitest+runner@2.1.9/node_modules/@vitest/runner/dist/index.js:1205:15)\n    at runSuite (file:///D:/UIT_COURSES/SE100/DailyDesk/node_modules/.pnpm/@vitest+runner@2.1.9/node_modules/@vitest/runner/dist/index.js:1205:15)\n    at runFiles (file:///D:/UIT_COURSES/SE100/DailyDesk/node_modules/.pnpm/@vitest+runner@2.1.9/node_modules/@vitest/runner/dist/index.js:1262:5)\n    at startTests (file:///D:/UIT_COURSES/SE100/DailyDesk/node_modules/.pnpm/@vitest+runner@2.1.9/node_modules/@vitest/runner/dist/index.js:1271:3)\n    at file:///D:/UIT_COURSES/SE100/DailyDesk/node_modules/.pnpm/vitest@2.1.9_@types+node@24_fef19539406b83bf5da8edd2d524f9e2/node_modules/vitest/dist/chunks/runBaseTests.3qpJUEJM.js:126:11"],"meta":{}},{"ancestorTitles":["Cards API Integration Tests","GET /boards/:boardId/cards"],"fullName":"Cards API Integration Tests GET /boards/:boardId/cards should return 404 for non-existent board","status":"passed","title":"should return 404 for non-existent board","duration":36.75770000000011,"failureMessages":[],"meta":{}},{"ancestorTitles":["Cards API Integration Tests","GET /boards/:boardId/cards"],"fullName":"Cards API Integration Tests GET /boards/:boardId/cards should require authentication","status":"passed","title":"should require authentication","duration":29.8453999999997,"failureMessages":[],"meta":{}},{"ancestorTitles":["Cards API Integration Tests","POST /boards/:boardId/cards"],"fullName":"Cards API Integration Tests POST /boards/:boardId/cards should create a new card","status":"failed","title":"should create a new card","duration":36.18170000000009,"failureMessages":["AssertionError: expected 500 to be 200 // Object.is equality\n    at D:\\UIT_COURSES\\SE100\\DailyDesk\\backend\\tests\\cards\\cards.test.ts:128:26\n    at processTicksAndRejections (node:internal/process/task_queues:105:5)\n    at file:///D:/UIT_COURSES/SE100/DailyDesk/node_modules/.pnpm/@vitest+runner@2.1.9/node_modules/@vitest/runner/dist/index.js:533:5\n    at runTest (file:///D:/UIT_COURSES/SE100/DailyDesk/node_modules/.pnpm/@vitest+runner@2.1.9/node_modules/@vitest/runner/dist/index.js:1056:11)\n    at runSuite (file:///D:/UIT_COURSES/SE100/DailyDesk/node_modules/.pnpm/@vitest+runner@2.1.9/node_modules/@vitest/runner/dist/index.js:1205:15)\n    at runSuite (file:///D:/UIT_COURSES/SE100/DailyDesk/node_modules/.pnpm/@vitest+runner@2.1.9/node_modules/@vitest/runner/dist/index.js:1205:15)\n    at runSuite (file:///D:/UIT_COURSES/SE100/DailyDesk/node_modules/.pnpm/@vitest+runner@2.1.9/node_modules/@vitest/runner/dist/index.js:1205:15)\n    at runFiles (file:///D:/UIT_COURSES/SE100/DailyDesk/node_modules/.pnpm/@vitest+runner@2.1.9/node_modules/@vitest/runner/dist/index.js:1262:5)\n    at startTests (file:///D:/UIT_COURSES/SE100/DailyDesk/node_modules/.pnpm/@vitest+runner@2.1.9/node_modules/@vitest/runner/dist/index.js:1271:3)\n    at file:///D:/UIT_COURSES/SE100/DailyDesk/node_modules/.pnpm/vitest@2.1.9_@types+node@24_fef19539406b83bf5da8edd2d524f9e2/node_modules/vitest/dist/chunks/runBaseTests.3qpJUEJM.js:126:11"],"meta":{}},{"ancestorTitles":["Cards API Integration Tests","POST /boards/:boardId/cards"],"fullName":"Cards API Integration Tests POST /boards/:boardId/cards should create a card with dates","status":"failed","title":"should create a card with dates","duration":32.9661000000001,"failureMessages":["AssertionError: expected 500 to be 200 // Object.is equality\n    at D:\\UIT_COURSES\\SE100\\DailyDesk\\backend\\tests\\cards\\cards.test.ts:155:26\n    at processTicksAndRejections (node:internal/process/task_queues:105:5)\n    at file:///D:/UIT_COURSES/SE100/DailyDesk/node_modules/.pnpm/@vitest+runner@2.1.9/node_modules/@vitest/runner/dist/index.js:533:5\n    at runTest (file:///D:/UIT_COURSES/SE100/DailyDesk/node_modules/.pnpm/@vitest+runner@2.1.9/node_modules/@vitest/runner/dist/index.js:1056:11)\n    at runSuite (file:///D:/UIT_COURSES/SE100/DailyDesk/node_modules/.pnpm/@vitest+runner@2.1.9/node_modules/@vitest/runner/dist/index.js:1205:15)\n    at runSuite (file:///D:/UIT_COURSES/SE100/DailyDesk/node_modules/.pnpm/@vitest+runner@2.1.9/node_modules/@vitest/runner/dist/index.js:1205:15)\n    at runSuite (file:///D:/UIT_COURSES/SE100/DailyDesk/node_modules/.pnpm/@vitest+runner@2.1.9/node_modules/@vitest/runner/dist/index.js:1205:15)\n    at runFiles (file:///D:/UIT_COURSES/SE100/DailyDesk/node_modules/.pnpm/@vitest+runner@2.1.9/node_modules/@vitest/runner/dist/index.js:1262:5)\n    at startTests (file:///D:/UIT_COURSES/SE100/DailyDesk/node_modules/.pnpm/@vitest+runner@2.1.9/node_modules/@vitest/runner/dist/index.js:1271:3)\n    at file:///D:/UIT_COURSES/SE100/DailyDesk/node_modules/.pnpm/vitest@2.1.9_@types+node@24_fef19539406b83bf5da8edd2d524f9e2/node_modules/vitest/dist/chunks/runBaseTests.3qpJUEJM.js:126:11"],"meta":{}},{"ancestorTitles":["Cards API Integration Tests","POST /boards/:boardId/cards"],"fullName":"Cards API Integration Tests POST /boards/:boardId/cards should create a card with location","status":"failed","title":"should create a card with location","duration":32.875,"failureMessages":["AssertionError: expected 500 to be 200 // Object.is equality\n    at D:\\UIT_COURSES\\SE100\\DailyDesk\\backend\\tests\\cards\\cards.test.ts:177:26\n    at processTicksAndRejections (node:internal/process/task_queues:105:5)\n    at file:///D:/UIT_COURSES/SE100/DailyDesk/node_modules/.pnpm/@vitest+runner@2.1.9/node_modules/@vitest/runner/dist/index.js:533:5\n    at runTest (file:///D:/UIT_COURSES/SE100/DailyDesk/node_modules/.pnpm/@vitest+runner@2.1.9/node_modules/@vitest/runner/dist/index.js:1056:11)\n    at runSuite (file:///D:/UIT_COURSES/SE100/DailyDesk/node_modules/.pnpm/@vitest+runner@2.1.9/node_modules/@vitest/runner/dist/index.js:1205:15)\n    at runSuite (file:///D:/UIT_COURSES/SE100/DailyDesk/node_modules/.pnpm/@vitest+runner@2.1.9/node_modules/@vitest/runner/dist/index.js:1205:15)\n    at runSuite (file:///D:/UIT_COURSES/SE100/DailyDesk/node_modules/.pnpm/@vitest+runner@2.1.9/node_modules/@vitest/runner/dist/index.js:1205:15)\n    at runFiles (file:///D:/UIT_COURSES/SE100/DailyDesk/node_modules/.pnpm/@vitest+runner@2.1.9/node_modules/@vitest/runner/dist/index.js:1262:5)\n    at startTests (file:///D:/UIT_COURSES/SE100/DailyDesk/node_modules/.pnpm/@vitest+runner@2.1.9/node_modules/@vitest/runner/dist/index.js:1271:3)\n    at file:///D:/UIT_COURSES/SE100/DailyDesk/node_modules/.pnpm/vitest@2.1.9_@types+node@24_fef19539406b83bf5da8edd2d524f9e2/node_modules/vitest/dist/chunks/runBaseTests.3qpJUEJM.js:126:11"],"meta":{}},{"ancestorTitles":["Cards API Integration Tests","POST /boards/:boardId/cards"],"fullName":"Cards API Integration Tests POST /boards/:boardId/cards should return 404 when board does not exist","status":"passed","title":"should return 404 when board does not exist","duration":26.85889999999972,"failureMessages":[],"meta":{}},{"ancestorTitles":["Cards API Integration Tests","POST /boards/:boardId/cards"],"fullName":"Cards API Integration Tests POST /boards/:boardId/cards should return 404 when list does not exist","status":"passed","title":"should return 404 when list does not exist","duration":23.77619999999979,"failureMessages":[],"meta":{}},{"ancestorTitles":["Cards API Integration Tests","POST /boards/:boardId/cards"],"fullName":"Cards API Integration Tests POST /boards/:boardId/cards should return 403 when list does not belong to board","status":"passed","title":"should return 403 when list does not belong to board","duration":38.80490000000009,"failureMessages":[],"meta":{}},{"ancestorTitles":["Cards API Integration Tests","POST /boards/:boardId/cards"],"fullName":"Cards API Integration Tests POST /boards/:boardId/cards should require authentication","status":"passed","title":"should require authentication","duration":24.564300000000003,"failureMessages":[],"meta":{}},{"ancestorTitles":["Cards API Integration Tests","GET /boards/:boardId/cards/:id"],"fullName":"Cards API Integration Tests GET /boards/:boardId/cards/:id should return a specific card","status":"failed","title":"should return a specific card","duration":34.00570000000016,"failureMessages":["AssertionError: expected 500 to be 200 // Object.is equality\n    at D:\\UIT_COURSES\\SE100\\DailyDesk\\backend\\tests\\cards\\cards.test.ts:300:26\n    at processTicksAndRejections (node:internal/process/task_queues:105:5)\n    at file:///D:/UIT_COURSES/SE100/DailyDesk/node_modules/.pnpm/@vitest+runner@2.1.9/node_modules/@vitest/runner/dist/index.js:533:5\n    at runTest (file:///D:/UIT_COURSES/SE100/DailyDesk/node_modules/.pnpm/@vitest+runner@2.1.9/node_modules/@vitest/runner/dist/index.js:1056:11)\n    at runSuite (file:///D:/UIT_COURSES/SE100/DailyDesk/node_modules/.pnpm/@vitest+runner@2.1.9/node_modules/@vitest/runner/dist/index.js:1205:15)\n    at runSuite (file:///D:/UIT_COURSES/SE100/DailyDesk/node_modules/.pnpm/@vitest+runner@2.1.9/node_modules/@vitest/runner/dist/index.js:1205:15)\n    at runSuite (file:///D:/UIT_COURSES/SE100/DailyDesk/node_modules/.pnpm/@vitest+runner@2.1.9/node_modules/@vitest/runner/dist/index.js:1205:15)\n    at runFiles (file:///D:/UIT_COURSES/SE100/DailyDesk/node_modules/.pnpm/@vitest+runner@2.1.9/node_modules/@vitest/runner/dist/index.js:1262:5)\n    at startTests (file:///D:/UIT_COURSES/SE100/DailyDesk/node_modules/.pnpm/@vitest+runner@2.1.9/node_modules/@vitest/runner/dist/index.js:1271:3)\n    at file:///D:/UIT_COURSES/SE100/DailyDesk/node_modules/.pnpm/vitest@2.1.9_@types+node@24_fef19539406b83bf5da8edd2d524f9e2/node_modules/vitest/dist/chunks/runBaseTests.3qpJUEJM.js:126:11"],"meta":{}},{"ancestorTitles":["Cards API Integration Tests","GET /boards/:boardId/cards/:id"],"fullName":"Cards API Integration Tests GET /boards/:boardId/cards/:id should return 404 for non-existent card","status":"failed","title":"should return 404 for non-existent card","duration":30.70719999999983,"failureMessages":["AssertionError: expected 500 to be 404 // Object.is equality\n    at D:\\UIT_COURSES\\SE100\\DailyDesk\\backend\\tests\\cards\\cards.test.ts:314:26\n    at processTicksAndRejections (node:internal/process/task_queues:105:5)\n    at file:///D:/UIT_COURSES/SE100/DailyDesk/node_modules/.pnpm/@vitest+runner@2.1.9/node_modules/@vitest/runner/dist/index.js:533:5\n    at runTest (file:///D:/UIT_COURSES/SE100/DailyDesk/node_modules/.pnpm/@vitest+runner@2.1.9/node_modules/@vitest/runner/dist/index.js:1056:11)\n    at runSuite (file:///D:/UIT_COURSES/SE100/DailyDesk/node_modules/.pnpm/@vitest+runner@2.1.9/node_modules/@vitest/runner/dist/index.js:1205:15)\n    at runSuite (file:///D:/UIT_COURSES/SE100/DailyDesk/node_modules/.pnpm/@vitest+runner@2.1.9/node_modules/@vitest/runner/dist/index.js:1205:15)\n    at runSuite (file:///D:/UIT_COURSES/SE100/DailyDesk/node_modules/.pnpm/@vitest+runner@2.1.9/node_modules/@vitest/runner/dist/index.js:1205:15)\n    at runFiles (file:///D:/UIT_COURSES/SE100/DailyDesk/node_modules/.pnpm/@vitest+runner@2.1.9/node_modules/@vitest/runner/dist/index.js:1262:5)\n    at startTests (file:///D:/UIT_COURSES/SE100/DailyDesk/node_modules/.pnpm/@vitest+runner@2.1.9/node_modules/@vitest/runner/dist/index.js:1271:3)\n    at file:///D:/UIT_COURSES/SE100/DailyDesk/node_modules/.pnpm/vitest@2.1.9_@types+node@24_fef19539406b83bf5da8edd2d524f9e2/node_modules/vitest/dist/chunks/runBaseTests.3qpJUEJM.js:126:11"],"meta":{}},{"ancestorTitles":["Cards API Integration Tests","GET /boards/:boardId/cards/:id"],"fullName":"Cards API Integration Tests GET /boards/:boardId/cards/:id should return 404 for non-existent board","status":"passed","title":"should return 404 for non-existent board","duration":21.118600000000242,"failureMessages":[],"meta":{}},{"ancestorTitles":["Cards API Integration Tests","GET /boards/:boardId/cards/:id"],"fullName":"Cards API Integration Tests GET /boards/:boardId/cards/:id should require authentication","status":"passed","title":"should require authentication","duration":21.849599999999555,"failureMessages":[],"meta":{}},{"ancestorTitles":["Cards API Integration Tests","PUT /boards/:boardId/cards/:id"],"fullName":"Cards API Integration Tests PUT /boards/:boardId/cards/:id should update card name","status":"failed","title":"should update card name","duration":27.640499999999975,"failureMessages":["AssertionError: expected 500 to be 200 // Object.is equality\n    at D:\\UIT_COURSES\\SE100\\DailyDesk\\backend\\tests\\cards\\cards.test.ts:365:26\n    at processTicksAndRejections (node:internal/process/task_queues:105:5)\n    at file:///D:/UIT_COURSES/SE100/DailyDesk/node_modules/.pnpm/@vitest+runner@2.1.9/node_modules/@vitest/runner/dist/index.js:533:5\n    at runTest (file:///D:/UIT_COURSES/SE100/DailyDesk/node_modules/.pnpm/@vitest+runner@2.1.9/node_modules/@vitest/runner/dist/index.js:1056:11)\n    at runSuite (file:///D:/UIT_COURSES/SE100/DailyDesk/node_modules/.pnpm/@vitest+runner@2.1.9/node_modules/@vitest/runner/dist/index.js:1205:15)\n    at runSuite (file:///D:/UIT_COURSES/SE100/DailyDesk/node_modules/.pnpm/@vitest+runner@2.1.9/node_modules/@vitest/runner/dist/index.js:1205:15)\n    at runSuite (file:///D:/UIT_COURSES/SE100/DailyDesk/node_modules/.pnpm/@vitest+runner@2.1.9/node_modules/@vitest/runner/dist/index.js:1205:15)\n    at runFiles (file:///D:/UIT_COURSES/SE100/DailyDesk/node_modules/.pnpm/@vitest+runner@2.1.9/node_modules/@vitest/runner/dist/index.js:1262:5)\n    at startTests (file:///D:/UIT_COURSES/SE100/DailyDesk/node_modules/.pnpm/@vitest+runner@2.1.9/node_modules/@vitest/runner/dist/index.js:1271:3)\n    at file:///D:/UIT_COURSES/SE100/DailyDesk/node_modules/.pnpm/vitest@2.1.9_@types+node@24_fef19539406b83bf5da8edd2d524f9e2/node_modules/vitest/dist/chunks/runBaseTests.3qpJUEJM.js:126:11"],"meta":{}},{"ancestorTitles":["Cards API Integration Tests","PUT /boards/:boardId/cards/:id"],"fullName":"Cards API Integration Tests PUT /boards/:boardId/cards/:id should update card order","status":"failed","title":"should update card order","duration":24.039299999999912,"failureMessages":["AssertionError: expected 500 to be 200 // Object.is equality\n    at D:\\UIT_COURSES\\SE100\\DailyDesk\\backend\\tests\\cards\\cards.test.ts:418:26\n    at processTicksAndRejections (node:internal/process/task_queues:105:5)\n    at file:///D:/UIT_COURSES/SE100/DailyDesk/node_modules/.pnpm/@vitest+runner@2.1.9/node_modules/@vitest/runner/dist/index.js:533:5\n    at runTest (file:///D:/UIT_COURSES/SE100/DailyDesk/node_modules/.pnpm/@vitest+runner@2.1.9/node_modules/@vitest/runner/dist/index.js:1056:11)\n    at runSuite (file:///D:/UIT_COURSES/SE100/DailyDesk/node_modules/.pnpm/@vitest+runner@2.1.9/node_modules/@vitest/runner/dist/index.js:1205:15)\n    at runSuite (file:///D:/UIT_COURSES/SE100/DailyDesk/node_modules/.pnpm/@vitest+runner@2.1.9/node_modules/@vitest/runner/dist/index.js:1205:15)\n    at runSuite (file:///D:/UIT_COURSES/SE100/DailyDesk/node_modules/.pnpm/@vitest+runner@2.1.9/node_modules/@vitest/runner/dist/index.js:1205:15)\n    at runFiles (file:///D:/UIT_COURSES/SE100/DailyDesk/node_modules/.pnpm/@vitest+runner@2.1.9/node_modules/@vitest/runner/dist/index.js:1262:5)\n    at startTests (file:///D:/UIT_COURSES/SE100/DailyDesk/node_modules/.pnpm/@vitest+runner@2.1.9/node_modules/@vitest/runner/dist/index.js:1271:3)\n    at file:///D:/UIT_COURSES/SE100/DailyDesk/node_modules/.pnpm/vitest@2.1.9_@types+node@24_fef19539406b83bf5da8edd2d524f9e2/node_modules/vitest/dist/chunks/runBaseTests.3qpJUEJM.js:126:11"],"meta":{}},{"ancestorTitles":["Cards API Integration Tests","PUT /boards/:boardId/cards/:id"],"fullName":"Cards API Integration Tests PUT /boards/:boardId/cards/:id should update card dates","status":"failed","title":"should update card dates","duration":25.06989999999996,"failureMessages":["AssertionError: expected 500 to be 200 // Object.is equality\n    at D:\\UIT_COURSES\\SE100\\DailyDesk\\backend\\tests\\cards\\cards.test.ts:448:26\n    at processTicksAndRejections (node:internal/process/task_queues:105:5)\n    at file:///D:/UIT_COURSES/SE100/DailyDesk/node_modules/.pnpm/@vitest+runner@2.1.9/node_modules/@vitest/runner/dist/index.js:533:5\n    at runTest (file:///D:/UIT_COURSES/SE100/DailyDesk/node_modules/.pnpm/@vitest+runner@2.1.9/node_modules/@vitest/runner/dist/index.js:1056:11)\n    at runSuite (file:///D:/UIT_COURSES/SE100/DailyDesk/node_modules/.pnpm/@vitest+runner@2.1.9/node_modules/@vitest/runner/dist/index.js:1205:15)\n    at runSuite (file:///D:/UIT_COURSES/SE100/DailyDesk/node_modules/.pnpm/@vitest+runner@2.1.9/node_modules/@vitest/runner/dist/index.js:1205:15)\n    at runSuite (file:///D:/UIT_COURSES/SE100/DailyDesk/node_modules/.pnpm/@vitest+runner@2.1.9/node_modules/@vitest/runner/dist/index.js:1205:15)\n    at runFiles (file:///D:/UIT_COURSES/SE100/DailyDesk/node_modules/.pnpm/@vitest+runner@2.1.9/node_modules/@vitest/runner/dist/index.js:1262:5)\n    at startTests (file:///D:/UIT_COURSES/SE100/DailyDesk/node_modules/.pnpm/@vitest+runner@2.1.9/node_modules/@vitest/runner/dist/index.js:1271:3)\n    at file:///D:/UIT_COURSES/SE100/DailyDesk/node_modules/.pnpm/vitest@2.1.9_@types+node@24_fef19539406b83bf5da8edd2d524f9e2/node_modules/vitest/dist/chunks/runBaseTests.3qpJUEJM.js:126:11"],"meta":{}},{"ancestorTitles":["Cards API Integration Tests","PUT /boards/:boardId/cards/:id"],"fullName":"Cards API Integration Tests PUT /boards/:boardId/cards/:id should update card location","status":"failed","title":"should update card location","duration":21.99440000000004,"failureMessages":["AssertionError: expected 500 to be 200 // Object.is equality\n    at D:\\UIT_COURSES\\SE100\\DailyDesk\\backend\\tests\\cards\\cards.test.ts:476:26\n    at processTicksAndRejections (node:internal/process/task_queues:105:5)\n    at file:///D:/UIT_COURSES/SE100/DailyDesk/node_modules/.pnpm/@vitest+runner@2.1.9/node_modules/@vitest/runner/dist/index.js:533:5\n    at runTest (file:///D:/UIT_COURSES/SE100/DailyDesk/node_modules/.pnpm/@vitest+runner@2.1.9/node_modules/@vitest/runner/dist/index.js:1056:11)\n    at runSuite (file:///D:/UIT_COURSES/SE100/DailyDesk/node_modules/.pnpm/@vitest+runner@2.1.9/node_modules/@vitest/runner/dist/index.js:1205:15)\n    at runSuite (file:///D:/UIT_COURSES/SE100/DailyDesk/node_modules/.pnpm/@vitest+runner@2.1.9/node_modules/@vitest/runner/dist/index.js:1205:15)\n    at runSuite (file:///D:/UIT_COURSES/SE100/DailyDesk/node_modules/.pnpm/@vitest+runner@2.1.9/node_modules/@vitest/runner/dist/index.js:1205:15)\n    at runFiles (file:///D:/UIT_COURSES/SE100/DailyDesk/node_modules/.pnpm/@vitest+runner@2.1.9/node_modules/@vitest/runner/dist/index.js:1262:5)\n    at startTests (file:///D:/UIT_COURSES/SE100/DailyDesk/node_modules/.pnpm/@vitest+runner@2.1.9/node_modules/@vitest/runner/dist/index.js:1271:3)\n    at file:///D:/UIT_COURSES/SE100/DailyDesk/node_modules/.pnpm/vitest@2.1.9_@types+node@24_fef19539406b83bf5da8edd2d524f9e2/node_modules/vitest/dist/chunks/runBaseTests.3qpJUEJM.js:126:11"],"meta":{}},{"ancestorTitles":["Cards API Integration Tests","PUT /boards/:boardId/cards/:id"],"fullName":"Cards API Integration Tests PUT /boards/:boardId/cards/:id should move card to another list in same board","status":"failed","title":"should move card to another list in same board","duration":27.425100000000384,"failureMessages":["AssertionError: expected 500 to be 200 // Object.is equality\n    at D:\\UIT_COURSES\\SE100\\DailyDesk\\backend\\tests\\cards\\cards.test.ts:517:26\n    at processTicksAndRejections (node:internal/process/task_queues:105:5)\n    at file:///D:/UIT_COURSES/SE100/DailyDesk/node_modules/.pnpm/@vitest+runner@2.1.9/node_modules/@vitest/runner/dist/index.js:533:5\n    at runTest (file:///D:/UIT_COURSES/SE100/DailyDesk/node_modules/.pnpm/@vitest+runner@2.1.9/node_modules/@vitest/runner/dist/index.js:1056:11)\n    at runSuite (file:///D:/UIT_COURSES/SE100/DailyDesk/node_modules/.pnpm/@vitest+runner@2.1.9/node_modules/@vitest/runner/dist/index.js:1205:15)\n    at runSuite (file:///D:/UIT_COURSES/SE100/DailyDesk/node_modules/.pnpm/@vitest+runner@2.1.9/node_modules/@vitest/runner/dist/index.js:1205:15)\n    at runSuite (file:///D:/UIT_COURSES/SE100/DailyDesk/node_modules/.pnpm/@vitest+runner@2.1.9/node_modules/@vitest/runner/dist/index.js:1205:15)\n    at runFiles (file:///D:/UIT_COURSES/SE100/DailyDesk/node_modules/.pnpm/@vitest+runner@2.1.9/node_modules/@vitest/runner/dist/index.js:1262:5)\n    at startTests (file:///D:/UIT_COURSES/SE100/DailyDesk/node_modules/.pnpm/@vitest+runner@2.1.9/node_modules/@vitest/runner/dist/index.js:1271:3)\n    at file:///D:/UIT_COURSES/SE100/DailyDesk/node_modules/.pnpm/vitest@2.1.9_@types+node@24_fef19539406b83bf5da8edd2d524f9e2/node_modules/vitest/dist/chunks/runBaseTests.3qpJUEJM.js:126:11"],"meta":{}},{"ancestorTitles":["Cards API Integration Tests","PUT /boards/:boardId/cards/:id"],"fullName":"Cards API Integration Tests PUT /boards/:boardId/cards/:id should return 404 when trying to move card to non-existent list","status":"failed","title":"should return 404 when trying to move card to non-existent list","duration":19.36220000000003,"failureMessages":["AssertionError: expected 500 to be 404 // Object.is equality\n    at D:\\UIT_COURSES\\SE100\\DailyDesk\\backend\\tests\\cards\\cards.test.ts:544:26\n    at processTicksAndRejections (node:internal/process/task_queues:105:5)\n    at file:///D:/UIT_COURSES/SE100/DailyDesk/node_modules/.pnpm/@vitest+runner@2.1.9/node_modules/@vitest/runner/dist/index.js:533:5\n    at runTest (file:///D:/UIT_COURSES/SE100/DailyDesk/node_modules/.pnpm/@vitest+runner@2.1.9/node_modules/@vitest/runner/dist/index.js:1056:11)\n    at runSuite (file:///D:/UIT_COURSES/SE100/DailyDesk/node_modules/.pnpm/@vitest+runner@2.1.9/node_modules/@vitest/runner/dist/index.js:1205:15)\n    at runSuite (file:///D:/UIT_COURSES/SE100/DailyDesk/node_modules/.pnpm/@vitest+runner@2.1.9/node_modules/@vitest/runner/dist/index.js:1205:15)\n    at runSuite (file:///D:/UIT_COURSES/SE100/DailyDesk/node_modules/.pnpm/@vitest+runner@2.1.9/node_modules/@vitest/runner/dist/index.js:1205:15)\n    at runFiles (file:///D:/UIT_COURSES/SE100/DailyDesk/node_modules/.pnpm/@vitest+runner@2.1.9/node_modules/@vitest/runner/dist/index.js:1262:5)\n    at startTests (file:///D:/UIT_COURSES/SE100/DailyDesk/node_modules/.pnpm/@vitest+runner@2.1.9/node_modules/@vitest/runner/dist/index.js:1271:3)\n    at file:///D:/UIT_COURSES/SE100/DailyDesk/node_modules/.pnpm/vitest@2.1.9_@types+node@24_fef19539406b83bf5da8edd2d524f9e2/node_modules/vitest/dist/chunks/runBaseTests.3qpJUEJM.js:126:11"],"meta":{}},{"ancestorTitles":["Cards API Integration Tests","PUT /boards/:boardId/cards/:id"],"fullName":"Cards API Integration Tests PUT /boards/:boardId/cards/:id should return 403 when trying to move card to list in different board","status":"failed","title":"should return 403 when trying to move card to list in different board","duration":32.64740000000029,"failureMessages":["AssertionError: expected 500 to be 403 // Object.is equality\n    at D:\\UIT_COURSES\\SE100\\DailyDesk\\backend\\tests\\cards\\cards.test.ts:592:26\n    at processTicksAndRejections (node:internal/process/task_queues:105:5)\n    at file:///D:/UIT_COURSES/SE100/DailyDesk/node_modules/.pnpm/@vitest+runner@2.1.9/node_modules/@vitest/runner/dist/index.js:533:5\n    at runTest (file:///D:/UIT_COURSES/SE100/DailyDesk/node_modules/.pnpm/@vitest+runner@2.1.9/node_modules/@vitest/runner/dist/index.js:1056:11)\n    at runSuite (file:///D:/UIT_COURSES/SE100/DailyDesk/node_modules/.pnpm/@vitest+runner@2.1.9/node_modules/@vitest/runner/dist/index.js:1205:15)\n    at runSuite (file:///D:/UIT_COURSES/SE100/DailyDesk/node_modules/.pnpm/@vitest+runner@2.1.9/node_modules/@vitest/runner/dist/index.js:1205:15)\n    at runSuite (file:///D:/UIT_COURSES/SE100/DailyDesk/node_modules/.pnpm/@vitest+runner@2.1.9/node_modules/@vitest/runner/dist/index.js:1205:15)\n    at runFiles (file:///D:/UIT_COURSES/SE100/DailyDesk/node_modules/.pnpm/@vitest+runner@2.1.9/node_modules/@vitest/runner/dist/index.js:1262:5)\n    at startTests (file:///D:/UIT_COURSES/SE100/DailyDesk/node_modules/.pnpm/@vitest+runner@2.1.9/node_modules/@vitest/runner/dist/index.js:1271:3)\n    at file:///D:/UIT_COURSES/SE100/DailyDesk/node_modules/.pnpm/vitest@2.1.9_@types+node@24_fef19539406b83bf5da8edd2d524f9e2/node_modules/vitest/dist/chunks/runBaseTests.3qpJUEJM.js:126:11"],"meta":{}},{"ancestorTitles":["Cards API Integration Tests","PUT /boards/:boardId/cards/:id"],"fullName":"Cards API Integration Tests PUT /boards/:boardId/cards/:id should return 404 for non-existent card","status":"failed","title":"should return 404 for non-existent card","duration":15.580899999999929,"failureMessages":["AssertionError: expected 500 to be 404 // Object.is equality\n    at D:\\UIT_COURSES\\SE100\\DailyDesk\\backend\\tests\\cards\\cards.test.ts:605:26\n    at processTicksAndRejections (node:internal/process/task_queues:105:5)\n    at file:///D:/UIT_COURSES/SE100/DailyDesk/node_modules/.pnpm/@vitest+runner@2.1.9/node_modules/@vitest/runner/dist/index.js:533:5\n    at runTest (file:///D:/UIT_COURSES/SE100/DailyDesk/node_modules/.pnpm/@vitest+runner@2.1.9/node_modules/@vitest/runner/dist/index.js:1056:11)\n    at runSuite (file:///D:/UIT_COURSES/SE100/DailyDesk/node_modules/.pnpm/@vitest+runner@2.1.9/node_modules/@vitest/runner/dist/index.js:1205:15)\n    at runSuite (file:///D:/UIT_COURSES/SE100/DailyDesk/node_modules/.pnpm/@vitest+runner@2.1.9/node_modules/@vitest/runner/dist/index.js:1205:15)\n    at runSuite (file:///D:/UIT_COURSES/SE100/DailyDesk/node_modules/.pnpm/@vitest+runner@2.1.9/node_modules/@vitest/runner/dist/index.js:1205:15)\n    at runFiles (file:///D:/UIT_COURSES/SE100/DailyDesk/node_modules/.pnpm/@vitest+runner@2.1.9/node_modules/@vitest/runner/dist/index.js:1262:5)\n    at startTests (file:///D:/UIT_COURSES/SE100/DailyDesk/node_modules/.pnpm/@vitest+runner@2.1.9/node_modules/@vitest/runner/dist/index.js:1271:3)\n    at file:///D:/UIT_COURSES/SE100/DailyDesk/node_modules/.pnpm/vitest@2.1.9_@types+node@24_fef19539406b83bf5da8edd2d524f9e2/node_modules/vitest/dist/chunks/runBaseTests.3qpJUEJM.js:126:11"],"meta":{}},{"ancestorTitles":["Cards API Integration Tests","PUT /boards/:boardId/cards/:id"],"fullName":"Cards API Integration Tests PUT /boards/:boardId/cards/:id should require authentication","status":"passed","title":"should require authentication","duration":12.769600000000082,"failureMessages":[],"meta":{}},{"ancestorTitles":["Cards API Integration Tests","DELETE /boards/:boardId/cards/:id"],"fullName":"Cards API Integration Tests DELETE /boards/:boardId/cards/:id should delete a card","status":"failed","title":"should delete a card","duration":18.920399999999972,"failureMessages":["AssertionError: expected 500 to be 200 // Object.is equality\n    at D:\\UIT_COURSES\\SE100\\DailyDesk\\backend\\tests\\cards\\cards.test.ts:645:32\n    at processTicksAndRejections (node:internal/process/task_queues:105:5)\n    at file:///D:/UIT_COURSES/SE100/DailyDesk/node_modules/.pnpm/@vitest+runner@2.1.9/node_modules/@vitest/runner/dist/index.js:533:5\n    at runTest (file:///D:/UIT_COURSES/SE100/DailyDesk/node_modules/.pnpm/@vitest+runner@2.1.9/node_modules/@vitest/runner/dist/index.js:1056:11)\n    at runSuite (file:///D:/UIT_COURSES/SE100/DailyDesk/node_modules/.pnpm/@vitest+runner@2.1.9/node_modules/@vitest/runner/dist/index.js:1205:15)\n    at runSuite (file:///D:/UIT_COURSES/SE100/DailyDesk/node_modules/.pnpm/@vitest+runner@2.1.9/node_modules/@vitest/runner/dist/index.js:1205:15)\n    at runSuite (file:///D:/UIT_COURSES/SE100/DailyDesk/node_modules/.pnpm/@vitest+runner@2.1.9/node_modules/@vitest/runner/dist/index.js:1205:15)\n    at runFiles (file:///D:/UIT_COURSES/SE100/DailyDesk/node_modules/.pnpm/@vitest+runner@2.1.9/node_modules/@vitest/runner/dist/index.js:1262:5)\n    at startTests (file:///D:/UIT_COURSES/SE100/DailyDesk/node_modules/.pnpm/@vitest+runner@2.1.9/node_modules/@vitest/runner/dist/index.js:1271:3)\n    at file:///D:/UIT_COURSES/SE100/DailyDesk/node_modules/.pnpm/vitest@2.1.9_@types+node@24_fef19539406b83bf5da8edd2d524f9e2/node_modules/vitest/dist/chunks/runBaseTests.3qpJUEJM.js:126:11"],"meta":{}},{"ancestorTitles":["Cards API Integration Tests","DELETE /boards/:boardId/cards/:id"],"fullName":"Cards API Integration Tests DELETE /boards/:boardId/cards/:id should return 404 for non-existent card","status":"failed","title":"should return 404 for non-existent card","duration":18.761999999999716,"failureMessages":["AssertionError: expected 500 to be 404 // Object.is equality\n    at D:\\UIT_COURSES\\SE100\\DailyDesk\\backend\\tests\\cards\\cards.test.ts:665:26\n    at processTicksAndRejections (node:internal/process/task_queues:105:5)\n    at file:///D:/UIT_COURSES/SE100/DailyDesk/node_modules/.pnpm/@vitest+runner@2.1.9/node_modules/@vitest/runner/dist/index.js:533:5\n    at runTest (file:///D:/UIT_COURSES/SE100/DailyDesk/node_modules/.pnpm/@vitest+runner@2.1.9/node_modules/@vitest/runner/dist/index.js:1056:11)\n    at runSuite (file:///D:/UIT_COURSES/SE100/DailyDesk/node_modules/.pnpm/@vitest+runner@2.1.9/node_modules/@vitest/runner/dist/index.js:1205:15)\n    at runSuite (file:///D:/UIT_COURSES/SE100/DailyDesk/node_modules/.pnpm/@vitest+runner@2.1.9/node_modules/@vitest/runner/dist/index.js:1205:15)\n    at runSuite (file:///D:/UIT_COURSES/SE100/DailyDesk/node_modules/.pnpm/@vitest+runner@2.1.9/node_modules/@vitest/runner/dist/index.js:1205:15)\n    at runFiles (file:///D:/UIT_COURSES/SE100/DailyDesk/node_modules/.pnpm/@vitest+runner@2.1.9/node_modules/@vitest/runner/dist/index.js:1262:5)\n    at startTests (file:///D:/UIT_COURSES/SE100/DailyDesk/node_modules/.pnpm/@vitest+runner@2.1.9/node_modules/@vitest/runner/dist/index.js:1271:3)\n    at file:///D:/UIT_COURSES/SE100/DailyDesk/node_modules/.pnpm/vitest@2.1.9_@types+node@24_fef19539406b83bf5da8edd2d524f9e2/node_modules/vitest/dist/chunks/runBaseTests.3qpJUEJM.js:126:11"],"meta":{}},{"ancestorTitles":["Cards API Integration Tests","DELETE /boards/:boardId/cards/:id"],"fullName":"Cards API Integration Tests DELETE /boards/:boardId/cards/:id should return 404 for non-existent board","status":"passed","title":"should return 404 for non-existent board","duration":13.799399999999878,"failureMessages":[],"meta":{}},{"ancestorTitles":["Cards API Integration Tests","DELETE /boards/:boardId/cards/:id"],"fullName":"Cards API Integration Tests DELETE /boards/:boardId/cards/:id should require authentication","status":"passed","title":"should require authentication","duration":17.893999999999778,"failureMessages":[],"meta":{}},{"ancestorTitles":["Cards API Integration Tests","DELETE /boards/:boardId/cards/:id"],"fullName":"Cards API Integration Tests DELETE /boards/:boardId/cards/:id should maintain correct order of remaining cards after deleting first card","status":"failed","title":"should maintain correct order of remaining cards after deleting first card","duration":20.832300000000032,"failureMessages":["AssertionError: expected 500 to be 200 // Object.is equality\n    at D:\\UIT_COURSES\\SE100\\DailyDesk\\backend\\tests\\cards\\cards.test.ts:736:32\n    at processTicksAndRejections (node:internal/process/task_queues:105:5)\n    at file:///D:/UIT_COURSES/SE100/DailyDesk/node_modules/.pnpm/@vitest+runner@2.1.9/node_modules/@vitest/runner/dist/index.js:533:5\n    at runTest (file:///D:/UIT_COURSES/SE100/DailyDesk/node_modules/.pnpm/@vitest+runner@2.1.9/node_modules/@vitest/runner/dist/index.js:1056:11)\n    at runSuite (file:///D:/UIT_COURSES/SE100/DailyDesk/node_modules/.pnpm/@vitest+runner@2.1.9/node_modules/@vitest/runner/dist/index.js:1205:15)\n    at runSuite (file:///D:/UIT_COURSES/SE100/DailyDesk/node_modules/.pnpm/@vitest+runner@2.1.9/node_modules/@vitest/runner/dist/index.js:1205:15)\n    at runSuite (file:///D:/UIT_COURSES/SE100/DailyDesk/node_modules/.pnpm/@vitest+runner@2.1.9/node_modules/@vitest/runner/dist/index.js:1205:15)\n    at runFiles (file:///D:/UIT_COURSES/SE100/DailyDesk/node_modules/.pnpm/@vitest+runner@2.1.9/node_modules/@vitest/runner/dist/index.js:1262:5)\n    at startTests (file:///D:/UIT_COURSES/SE100/DailyDesk/node_modules/.pnpm/@vitest+runner@2.1.9/node_modules/@vitest/runner/dist/index.js:1271:3)\n    at file:///D:/UIT_COURSES/SE100/DailyDesk/node_modules/.pnpm/vitest@2.1.9_@types+node@24_fef19539406b83bf5da8edd2d524f9e2/node_modules/vitest/dist/chunks/runBaseTests.3qpJUEJM.js:126:11"],"meta":{}},{"ancestorTitles":["Cards API Integration Tests","DELETE /boards/:boardId/cards/:id"],"fullName":"Cards API Integration Tests DELETE /boards/:boardId/cards/:id should maintain correct order of remaining cards after deleting middle card","status":"failed","title":"should maintain correct order of remaining cards after deleting middle card","duration":21.11220000000003,"failureMessages":["AssertionError: expected 500 to be 200 // Object.is equality\n    at D:\\UIT_COURSES\\SE100\\DailyDesk\\backend\\tests\\cards\\cards.test.ts:807:32\n    at processTicksAndRejections (node:internal/process/task_queues:105:5)\n    at file:///D:/UIT_COURSES/SE100/DailyDesk/node_modules/.pnpm/@vitest+runner@2.1.9/node_modules/@vitest/runner/dist/index.js:533:5\n    at runTest (file:///D:/UIT_COURSES/SE100/DailyDesk/node_modules/.pnpm/@vitest+runner@2.1.9/node_modules/@vitest/runner/dist/index.js:1056:11)\n    at runSuite (file:///D:/UIT_COURSES/SE100/DailyDesk/node_modules/.pnpm/@vitest+runner@2.1.9/node_modules/@vitest/runner/dist/index.js:1205:15)\n    at runSuite (file:///D:/UIT_COURSES/SE100/DailyDesk/node_modules/.pnpm/@vitest+runner@2.1.9/node_modules/@vitest/runner/dist/index.js:1205:15)\n    at runSuite (file:///D:/UIT_COURSES/SE100/DailyDesk/node_modules/.pnpm/@vitest+runner@2.1.9/node_modules/@vitest/runner/dist/index.js:1205:15)\n    at runFiles (file:///D:/UIT_COURSES/SE100/DailyDesk/node_modules/.pnpm/@vitest+runner@2.1.9/node_modules/@vitest/runner/dist/index.js:1262:5)\n    at startTests (file:///D:/UIT_COURSES/SE100/DailyDesk/node_modules/.pnpm/@vitest+runner@2.1.9/node_modules/@vitest/runner/dist/index.js:1271:3)\n    at file:///D:/UIT_COURSES/SE100/DailyDesk/node_modules/.pnpm/vitest@2.1.9_@types+node@24_fef19539406b83bf5da8edd2d524f9e2/node_modules/vitest/dist/chunks/runBaseTests.3qpJUEJM.js:126:11"],"meta":{}},{"ancestorTitles":["Cards API Integration Tests","DELETE /boards/:boardId/cards/:id"],"fullName":"Cards API Integration Tests DELETE /boards/:boardId/cards/:id should maintain correct order of remaining cards after deleting last card","status":"failed","title":"should maintain correct order of remaining cards after deleting last card","duration":21.377399999999852,"failureMessages":["AssertionError: expected 500 to be 200 // Object.is equality\n    at D:\\UIT_COURSES\\SE100\\DailyDesk\\backend\\tests\\cards\\cards.test.ts:878:32\n    at processTicksAndRejections (node:internal/process/task_queues:105:5)\n    at file:///D:/UIT_COURSES/SE100/DailyDesk/node_modules/.pnpm/@vitest+runner@2.1.9/node_modules/@vitest/runner/dist/index.js:533:5\n    at runTest (file:///D:/UIT_COURSES/SE100/DailyDesk/node_modules/.pnpm/@vitest+runner@2.1.9/node_modules/@vitest/runner/dist/index.js:1056:11)\n    at runSuite (file:///D:/UIT_COURSES/SE100/DailyDesk/node_modules/.pnpm/@vitest+runner@2.1.9/node_modules/@vitest/runner/dist/index.js:1205:15)\n    at runSuite (file:///D:/UIT_COURSES/SE100/DailyDesk/node_modules/.pnpm/@vitest+runner@2.1.9/node_modules/@vitest/runner/dist/index.js:1205:15)\n    at runSuite (file:///D:/UIT_COURSES/SE100/DailyDesk/node_modules/.pnpm/@vitest+runner@2.1.9/node_modules/@vitest/runner/dist/index.js:1205:15)\n    at runFiles (file:///D:/UIT_COURSES/SE100/DailyDesk/node_modules/.pnpm/@vitest+runner@2.1.9/node_modules/@vitest/runner/dist/index.js:1262:5)\n    at startTests (file:///D:/UIT_COURSES/SE100/DailyDesk/node_modules/.pnpm/@vitest+runner@2.1.9/node_modules/@vitest/runner/dist/index.js:1271:3)\n    at file:///D:/UIT_COURSES/SE100/DailyDesk/node_modules/.pnpm/vitest@2.1.9_@types+node@24_fef19539406b83bf5da8edd2d524f9e2/node_modules/vitest/dist/chunks/runBaseTests.3qpJUEJM.js:126:11"],"meta":{}},{"ancestorTitles":["Cards API Integration Tests","DELETE /boards/:boardId/cards/:id"],"fullName":"Cards API Integration Tests DELETE /boards/:boardId/cards/:id should maintain correct order after deleting multiple cards in sequence","status":"failed","title":"should maintain correct order after deleting multiple cards in sequence","duration":27.127599999999802,"failureMessages":["TypeError: Cannot read properties of undefined (reading '0')\n    at D:\\UIT_COURSES\\SE100\\DailyDesk\\backend\\tests\\cards\\cards.test.ts:986:27\n    at processTicksAndRejections (node:internal/process/task_queues:105:5)\n    at file:///D:/UIT_COURSES/SE100/DailyDesk/node_modules/.pnpm/@vitest+runner@2.1.9/node_modules/@vitest/runner/dist/index.js:533:5\n    at runTest (file:///D:/UIT_COURSES/SE100/DailyDesk/node_modules/.pnpm/@vitest+runner@2.1.9/node_modules/@vitest/runner/dist/index.js:1056:11)\n    at runSuite (file:///D:/UIT_COURSES/SE100/DailyDesk/node_modules/.pnpm/@vitest+runner@2.1.9/node_modules/@vitest/runner/dist/index.js:1205:15)\n    at runSuite (file:///D:/UIT_COURSES/SE100/DailyDesk/node_modules/.pnpm/@vitest+runner@2.1.9/node_modules/@vitest/runner/dist/index.js:1205:15)\n    at runSuite (file:///D:/UIT_COURSES/SE100/DailyDesk/node_modules/.pnpm/@vitest+runner@2.1.9/node_modules/@vitest/runner/dist/index.js:1205:15)\n    at runFiles (file:///D:/UIT_COURSES/SE100/DailyDesk/node_modules/.pnpm/@vitest+runner@2.1.9/node_modules/@vitest/runner/dist/index.js:1262:5)\n    at startTests (file:///D:/UIT_COURSES/SE100/DailyDesk/node_modules/.pnpm/@vitest+runner@2.1.9/node_modules/@vitest/runner/dist/index.js:1271:3)\n    at file:///D:/UIT_COURSES/SE100/DailyDesk/node_modules/.pnpm/vitest@2.1.9_@types+node@24_fef19539406b83bf5da8edd2d524f9e2/node_modules/vitest/dist/chunks/runBaseTests.3qpJUEJM.js:126:11"],"meta":{}},{"ancestorTitles":["Cards API Integration Tests","DELETE /boards/:boardId/cards/:id"],"fullName":"Cards API Integration Tests DELETE /boards/:boardId/cards/:id should handle deletion correctly when cards are in different lists","status":"failed","title":"should handle deletion correctly when cards are in different lists","duration":30.05679999999984,"failureMessages":["TypeError: Cannot read properties of undefined (reading 'find')\n    at D:\\UIT_COURSES\\SE100\\DailyDesk\\backend\\tests\\cards\\cards.test.ts:1114:33\n    at processTicksAndRejections (node:internal/process/task_queues:105:5)\n    at file:///D:/UIT_COURSES/SE100/DailyDesk/node_modules/.pnpm/@vitest+runner@2.1.9/node_modules/@vitest/runner/dist/index.js:533:5\n    at runTest (file:///D:/UIT_COURSES/SE100/DailyDesk/node_modules/.pnpm/@vitest+runner@2.1.9/node_modules/@vitest/runner/dist/index.js:1056:11)\n    at runSuite (file:///D:/UIT_COURSES/SE100/DailyDesk/node_modules/.pnpm/@vitest+runner@2.1.9/node_modules/@vitest/runner/dist/index.js:1205:15)\n    at runSuite (file:///D:/UIT_COURSES/SE100/DailyDesk/node_modules/.pnpm/@vitest+runner@2.1.9/node_modules/@vitest/runner/dist/index.js:1205:15)\n    at runSuite (file:///D:/UIT_COURSES/SE100/DailyDesk/node_modules/.pnpm/@vitest+runner@2.1.9/node_modules/@vitest/runner/dist/index.js:1205:15)\n    at runFiles (file:///D:/UIT_COURSES/SE100/DailyDesk/node_modules/.pnpm/@vitest+runner@2.1.9/node_modules/@vitest/runner/dist/index.js:1262:5)\n    at startTests (file:///D:/UIT_COURSES/SE100/DailyDesk/node_modules/.pnpm/@vitest+runner@2.1.9/node_modules/@vitest/runner/dist/index.js:1271:3)\n    at file:///D:/UIT_COURSES/SE100/DailyDesk/node_modules/.pnpm/vitest@2.1.9_@types+node@24_fef19539406b83bf5da8edd2d524f9e2/node_modules/vitest/dist/chunks/runBaseTests.3qpJUEJM.js:126:11"],"meta":{}},{"ancestorTitles":["Cards API Integration Tests","Card ordering"],"fullName":"Cards API Integration Tests Card ordering should maintain correct order when multiple cards are created","status":"failed","title":"should maintain correct order when multiple cards are created","duration":15.97340000000031,"failureMessages":["TypeError: Cannot read properties of undefined (reading '0')\n    at D:\\UIT_COURSES\\SE100\\DailyDesk\\backend\\tests\\cards\\cards.test.ts:1158:27\n    at processTicksAndRejections (node:internal/process/task_queues:105:5)\n    at file:///D:/UIT_COURSES/SE100/DailyDesk/node_modules/.pnpm/@vitest+runner@2.1.9/node_modules/@vitest/runner/dist/index.js:533:5\n    at runTest (file:///D:/UIT_COURSES/SE100/DailyDesk/node_modules/.pnpm/@vitest+runner@2.1.9/node_modules/@vitest/runner/dist/index.js:1056:11)\n    at runSuite (file:///D:/UIT_COURSES/SE100/DailyDesk/node_modules/.pnpm/@vitest+runner@2.1.9/node_modules/@vitest/runner/dist/index.js:1205:15)\n    at runSuite (file:///D:/UIT_COURSES/SE100/DailyDesk/node_modules/.pnpm/@vitest+runner@2.1.9/node_modules/@vitest/runner/dist/index.js:1205:15)\n    at runSuite (file:///D:/UIT_COURSES/SE100/DailyDesk/node_modules/.pnpm/@vitest+runner@2.1.9/node_modules/@vitest/runner/dist/index.js:1205:15)\n    at runFiles (file:///D:/UIT_COURSES/SE100/DailyDesk/node_modules/.pnpm/@vitest+runner@2.1.9/node_modules/@vitest/runner/dist/index.js:1262:5)\n    at startTests (file:///D:/UIT_COURSES/SE100/DailyDesk/node_modules/.pnpm/@vitest+runner@2.1.9/node_modules/@vitest/runner/dist/index.js:1271:3)\n    at file:///D:/UIT_COURSES/SE100/DailyDesk/node_modules/.pnpm/vitest@2.1.9_@types+node@24_fef19539406b83bf5da8edd2d524f9e2/node_modules/vitest/dist/chunks/runBaseTests.3qpJUEJM.js:126:11"],"meta":{}},{"ancestorTitles":["Cards API Integration Tests","Card ordering"],"fullName":"Cards API Integration Tests Card ordering should allow reordering cards","status":"failed","title":"should allow reordering cards","duration":23.236199999999826,"failureMessages":["TypeError: Cannot read properties of undefined (reading '0')\n    at D:\\UIT_COURSES\\SE100\\DailyDesk\\backend\\tests\\cards\\cards.test.ts:1216:27\n    at processTicksAndRejections (node:internal/process/task_queues:105:5)\n    at file:///D:/UIT_COURSES/SE100/DailyDesk/node_modules/.pnpm/@vitest+runner@2.1.9/node_modules/@vitest/runner/dist/index.js:533:5\n    at runTest (file:///D:/UIT_COURSES/SE100/DailyDesk/node_modules/.pnpm/@vitest+runner@2.1.9/node_modules/@vitest/runner/dist/index.js:1056:11)\n    at runSuite (file:///D:/UIT_COURSES/SE100/DailyDesk/node_modules/.pnpm/@vitest+runner@2.1.9/node_modules/@vitest/runner/dist/index.js:1205:15)\n    at runSuite (file:///D:/UIT_COURSES/SE100/DailyDesk/node_modules/.pnpm/@vitest+runner@2.1.9/node_modules/@vitest/runner/dist/index.js:1205:15)\n    at runSuite (file:///D:/UIT_COURSES/SE100/DailyDesk/node_modules/.pnpm/@vitest+runner@2.1.9/node_modules/@vitest/runner/dist/index.js:1205:15)\n    at runFiles (file:///D:/UIT_COURSES/SE100/DailyDesk/node_modules/.pnpm/@vitest+runner@2.1.9/node_modules/@vitest/runner/dist/index.js:1262:5)\n    at startTests (file:///D:/UIT_COURSES/SE100/DailyDesk/node_modules/.pnpm/@vitest+runner@2.1.9/node_modules/@vitest/runner/dist/index.js:1271:3)\n    at file:///D:/UIT_COURSES/SE100/DailyDesk/node_modules/.pnpm/vitest@2.1.9_@types+node@24_fef19539406b83bf5da8edd2d524f9e2/node_modules/vitest/dist/chunks/runBaseTests.3qpJUEJM.js:126:11"],"meta":{}},{"ancestorTitles":["Cards API Integration Tests","Card with complex data"],"fullName":"Cards API Integration Tests Card with complex data should create and retrieve card with all fields","status":"failed","title":"should create and retrieve card with all fields","duration":17.06389999999965,"failureMessages":["AssertionError: expected 500 to be 200 // Object.is equality\n    at D:\\UIT_COURSES\\SE100\\DailyDesk\\backend\\tests\\cards\\cards.test.ts:1249:32\n    at processTicksAndRejections (node:internal/process/task_queues:105:5)\n    at file:///D:/UIT_COURSES/SE100/DailyDesk/node_modules/.pnpm/@vitest+runner@2.1.9/node_modules/@vitest/runner/dist/index.js:533:5\n    at runTest (file:///D:/UIT_COURSES/SE100/DailyDesk/node_modules/.pnpm/@vitest+runner@2.1.9/node_modules/@vitest/runner/dist/index.js:1056:11)\n    at runSuite (file:///D:/UIT_COURSES/SE100/DailyDesk/node_modules/.pnpm/@vitest+runner@2.1.9/node_modules/@vitest/runner/dist/index.js:1205:15)\n    at runSuite (file:///D:/UIT_COURSES/SE100/DailyDesk/node_modules/.pnpm/@vitest+runner@2.1.9/node_modules/@vitest/runner/dist/index.js:1205:15)\n    at runSuite (file:///D:/UIT_COURSES/SE100/DailyDesk/node_modules/.pnpm/@vitest+runner@2.1.9/node_modules/@vitest/runner/dist/index.js:1205:15)\n    at runFiles (file:///D:/UIT_COURSES/SE100/DailyDesk/node_modules/.pnpm/@vitest+runner@2.1.9/node_modules/@vitest/runner/dist/index.js:1262:5)\n    at startTests (file:///D:/UIT_COURSES/SE100/DailyDesk/node_modules/.pnpm/@vitest+runner@2.1.9/node_modules/@vitest/runner/dist/index.js:1271:3)\n    at file:///D:/UIT_COURSES/SE100/DailyDesk/node_modules/.pnpm/vitest@2.1.9_@types+node@24_fef19539406b83bf5da8edd2d524f9e2/node_modules/vitest/dist/chunks/runBaseTests.3qpJUEJM.js:126:11"],"meta":{}}],"startTime":1768740745447,"endTime":1768740746422.064,"status":"failed","message":"","name":"D:/UIT_COURSES/SE100/DailyDesk/backend/tests/cards/cards.test.ts"}]}
